# JRE version: OpenJDK Runtime Environment Temurin-21.0.12.1+1 (21.0.12.1+1) (build 21.0.12.1+1-LTS)
# Java VM: OpenJDK 64-Bit Server VM Temurin-21.0.12.1+1 (21.0.12.1+1-LTS, mixed mode, sharing, tiered, compressed oops, compressed class ptrs, g1 gc, windows-amd64)
GC Precious Log:
 CardTable entry size: 512
 Card Set container configuration: InlinePtr #cards 5 size 8 Array Of Cards #cards 12 size 40 Howl #buckets 4 coarsen threshold 1843 Howl Bitmap #cards 512 size 80 coarsen threshold 460 Card regions per heap region 1 cards per card region 2048
 CPUs: 8 total, 8 available
 Memory: 24467M
 Large Page Support: Disabled
 NUMA Support: Disabled
 Compressed Oops: Enabled (32-bit)
 Heap Region Size: 1M
 Heap Min Capacity: 8M
 Heap Initial Capacity: 384M
 Heap Max Capacity: 1536M
 Pre-touch: Disabled
 Parallel Workers: 8
 Concurrent Workers: 2
 Concurrent Refinement Workers: 8
 Periodic GC: Disabled
Heap:
 garbage-first heap   total 192512K, used 133943K [0x00000000a0000000, 0x0000000100000000)
  region size 1024K, 26 young (26624K), 8 survivors (8192K)
 Metaspace       used 79540K, committed 82304K, reserved 1179648K
  class space    used 11098K, committed 12288K, reserved 1048576K
GC Heap History (20 events):
Event: 1542.996 GC heap before
{Heap before GC invocations=56 (full 0):
 garbage-first heap   total 155648K, used 143955K [0x00000000a0000000, 0x0000000100000000)
  region size 1024K, 54 young (55296K), 4 survivors (4096K)
 Metaspace       used 78909K, committed 81216K, reserved 1179648K
  class space    used 11176K, committed 12288K, reserved 1048576K
}
Event: 1543.026 GC heap after
{Heap after GC invocations=57 (full 0):
 garbage-first heap   total 155648K, used 96748K [0x00000000a0000000, 0x0000000100000000)
  region size 1024K, 7 young (7168K), 7 survivors (7168K)
 Metaspace       used 78909K, committed 81216K, reserved 1179648K
  class space    used 11176K, committed 12288K, reserved 1048576K
}
Event: 1544.427 GC heap before
{Heap before GC invocations=57 (full 0):
 garbage-first heap   total 155648K, used 144876K [0x00000000a0000000, 0x0000000100000000)
  region size 1024K, 55 young (56320K), 7 survivors (7168K)
 Metaspace       used 78909K, committed 81216K, reserved 1179648K
  class space    used 11176K, committed 12288K, reserved 1048576K
}
Event: 1544.445 GC heap after
{Heap after GC invocations=58 (full 0):
 garbage-first heap   total 155648K, used 98241K [0x00000000a0000000, 0x0000000100000000)
  region size 1024K, 4 young (4096K), 4 survivors (4096K)
 Metaspace       used 78909K, committed 81216K, reserved 1179648K
  class space    used 11176K, committed 12288K, reserved 1048576K
}
Event: 1689.387 GC heap before
{Heap before GC invocations=59 (full 0):
 garbage-first heap   total 165888K, used 149441K [0x00000000a0000000, 0x0000000100000000)
  region size 1024K, 50 young (51200K), 4 survivors (4096K)
 Metaspace       used 77959K, committed 81216K, reserved 1179648K
  class space    used 10922K, committed 12288K, reserved 1048576K
}
Event: 1689.395 GC heap after
{Heap after GC invocations=60 (full 0):
 garbage-first heap   total 165888K, used 105859K [0x00000000a0000000, 0x0000000100000000)
  region size 1024K, 7 young (7168K), 7 survivors (7168K)
 Metaspace       used 77959K, committed 81216K, reserved 1179648K
  class space    used 10922K, committed 12288K, reserved 1048576K
}
Event: 1763.569 GC heap before
{Heap before GC invocations=60 (full 0):
 garbage-first heap   total 165888K, used 151939K [0x00000000a0000000, 0x0000000100000000)
  region size 1024K, 53 young (54272K), 7 survivors (7168K)
 Metaspace       used 78966K, committed 81344K, reserved 1179648K
  class space    used 11080K, committed 12288K, reserved 1048576K
}
Event: 1763.598 GC heap after
{Heap after GC invocations=61 (full 0):
 garbage-first heap   total 167936K, used 109875K [0x00000000a0000000, 0x0000000100000000)
  region size 1024K, 5 young (5120K), 5 survivors (5120K)
 Metaspace       used 78966K, committed 81344K, reserved 1179648K
  class space    used 11080K, committed 12288K, reserved 1048576K
}
Event: 1831.575 GC heap before
{Heap before GC invocations=61 (full 0):
 garbage-first heap   total 167936K, used 153907K [0x00000000a0000000, 0x0000000100000000)
  region size 1024K, 48 young (49152K), 5 survivors (5120K)
 Metaspace       used 80292K, committed 82304K, reserved 1179648K
  class space    used 11342K, committed 12288K, reserved 1048576K
}
Event: 1831.588 GC heap after
{Heap after GC invocations=62 (full 0):
 garbage-first heap   total 167936K, used 113376K [0x00000000a0000000, 0x0000000100000000)
  region size 1024K, 4 young (4096K), 4 survivors (4096K)
 Metaspace       used 80292K, committed 82304K, reserved 1179648K
  class space    used 11342K, committed 12288K, reserved 1048576K
}
Event: 1927.901 GC heap before
{Heap before GC invocations=63 (full 0):
 garbage-first heap   total 191488K, used 154336K [0x00000000a0000000, 0x0000000100000000)
  region size 1024K, 44 young (45056K), 4 survivors (4096K)
 Metaspace       used 79621K, committed 82304K, reserved 1179648K
  class space    used 11183K, committed 12288K, reserved 1048576K
}
Event: 1927.910 GC heap after
{Heap after GC invocations=64 (full 0):
 garbage-first heap   total 191488K, used 113833K [0x00000000a0000000, 0x0000000100000000)
  region size 1024K, 4 young (4096K), 4 survivors (4096K)
 Metaspace       used 79621K, committed 82304K, reserved 1179648K
  class space    used 11183K, committed 12288K, reserved 1048576K
}
Event: 2065.925 GC heap before
{Heap before GC invocations=64 (full 0):
 garbage-first heap   total 191488K, used 178345K [0x00000000a0000000, 0x0000000100000000)
  region size 1024K, 67 young (68608K), 4 survivors (4096K)
 Metaspace       used 79651K, committed 82304K, reserved 1179648K
  class space    used 11183K, committed 12288K, reserved 1048576K
}
Event: 2065.945 GC heap after
{Heap after GC invocations=65 (full 0):
 garbage-first heap   total 191488K, used 113591K [0x00000000a0000000, 0x0000000100000000)
  region size 1024K, 5 young (5120K), 5 survivors (5120K)
 Metaspace       used 79651K, committed 82304K, reserved 1179648K
  class space    used 11183K, committed 12288K, reserved 1048576K
}
Event: 2183.334 GC heap before
{Heap before GC invocations=65 (full 0):
 garbage-first heap   total 191488K, used 180151K [0x00000000a0000000, 0x0000000100000000)
  region size 1024K, 71 young (72704K), 5 survivors (5120K)
 Metaspace       used 79661K, committed 82304K, reserved 1179648K
  class space    used 11183K, committed 12288K, reserved 1048576K
}
Event: 2183.351 GC heap after
{Heap after GC invocations=66 (full 0):
 garbage-first heap   total 191488K, used 114616K [0x00000000a0000000, 0x0000000100000000)
  region size 1024K, 6 young (6144K), 6 survivors (6144K)
 Metaspace       used 79661K, committed 82304K, reserved 1179648K
  class space    used 11183K, committed 12288K, reserved 1048576K
}
Event: 2301.267 GC heap before
{Heap before GC invocations=67 (full 0):
 garbage-first heap   total 191488K, used 179128K [0x00000000a0000000, 0x0000000100000000)
  region size 1024K, 71 young (72704K), 6 survivors (6144K)
 Metaspace       used 79336K, committed 82304K, reserved 1179648K
  class space    used 11093K, committed 12288K, reserved 1048576K
}
Event: 2301.278 GC heap after
{Heap after GC invocations=68 (full 0):
 garbage-first heap   total 191488K, used 114231K [0x00000000a0000000, 0x0000000100000000)
  region size 1024K, 4 young (4096K), 4 survivors (4096K)
 Metaspace       used 79336K, committed 82304K, reserved 1179648K
  class space    used 11093K, committed 12288K, reserved 1048576K
}
Event: 2367.122 GC heap before
{Heap before GC invocations=68 (full 0):
 garbage-first heap   total 191488K, used 179767K [0x00000000a0000000, 0x0000000100000000)
  region size 1024K, 69 young (70656K), 4 survivors (4096K)
 Metaspace       used 79482K, committed 82304K, reserved 1179648K
  class space    used 11098K, committed 12288K, reserved 1048576K
}
Event: 2367.138 GC heap after
{Heap after GC invocations=69 (full 0):
 garbage-first heap   total 192512K, used 116535K [0x00000000a0000000, 0x0000000100000000)
  region size 1024K, 8 young (8192K), 8 survivors (8192K)
 Metaspace       used 79482K, committed 82304K, reserved 1179648K
  class space    used 11098K, committed 12288K, reserved 1048576K
}

