# JRE version: OpenJDK Runtime Environment Temurin-21.0.12.1+1 (21.0.12.1+1) (build 21.0.12.1+1-LTS)
# Java VM: OpenJDK 64-Bit Server VM Temurin-21.0.12.1+1 (21.0.12.1+1-LTS, mixed mode, sharing, tiered, compressed oops, compressed class ptrs, g1 gc, windows-amd64)
GC Precious Log:
 CardTable entry size: 512
 Card Set container configuration: InlinePtr #cards 5 size 8 Array Of Cards #cards 12 size 40 Howl #buckets 4 coarsen threshold 1843 Howl Bitmap #cards 512 size 80 coarsen threshold 460 Card regions per heap region 1 cards per card region 2048
 CPUs: 8 total, 8 available
 Memory: 24467M
 Large Page Support: Disabled
 NUMA Support: Disabled
 Compressed Oops: Enabled (32-bit)
 Heap Region Size: 1M
 Heap Min Capacity: 256M
 Heap Initial Capacity: 256M
 Heap Max Capacity: 512M
 Pre-touch: Disabled
 Parallel Workers: 8
 Concurrent Workers: 2
 Concurrent Refinement Workers: 8
 Periodic GC: Disabled
Heap:
 garbage-first heap   total 262144K, used 68810K [0x00000000e0000000, 0x0000000100000000)
  region size 1024K, 43 young (44032K), 10 survivors (10240K)
 Metaspace       used 37390K, committed 38592K, reserved 393216K
  class space    used 5361K, committed 5952K, reserved 327680K
GC Heap History (14 events):
Event: 3.690 GC heap before
{Heap before GC invocations=0 (full 0):
 garbage-first heap   total 262144K, used 26624K [0x00000000e0000000, 0x0000000100000000)
  region size 1024K, 23 young (23552K), 0 survivors (0K)
 Metaspace       used 1119K, committed 1216K, reserved 393216K
  class space    used 80K, committed 128K, reserved 327680K
}
Event: 3.717 GC heap after
{Heap after GC invocations=1 (full 0):
 garbage-first heap   total 262144K, used 10240K [0x00000000e0000000, 0x0000000100000000)
  region size 1024K, 3 young (3072K), 3 survivors (3072K)
 Metaspace       used 1119K, committed 1216K, reserved 393216K
  class space    used 80K, committed 128K, reserved 327680K
}
Event: 6.931 GC heap before
{Heap before GC invocations=1 (full 0):
 garbage-first heap   total 262144K, used 40960K [0x00000000e0000000, 0x0000000100000000)
  region size 1024K, 33 young (33792K), 3 survivors (3072K)
 Metaspace       used 4328K, committed 4480K, reserved 393216K
  class space    used 547K, committed 640K, reserved 327680K
}
Event: 6.935 GC heap after
{Heap after GC invocations=2 (full 0):
 garbage-first heap   total 262144K, used 11931K [0x00000000e0000000, 0x0000000100000000)
  region size 1024K, 2 young (2048K), 2 survivors (2048K)
 Metaspace       used 4328K, committed 4480K, reserved 393216K
  class space    used 547K, committed 640K, reserved 327680K
}
Event: 21.366 GC heap before
{Heap before GC invocations=2 (full 0):
 garbage-first heap   total 262144K, used 109211K [0x00000000e0000000, 0x0000000100000000)
  region size 1024K, 96 young (98304K), 2 survivors (2048K)
 Metaspace       used 16241K, committed 16704K, reserved 393216K
  class space    used 2285K, committed 2496K, reserved 327680K
}
Event: 21.399 GC heap after
{Heap after GC invocations=3 (full 0):
 garbage-first heap   total 262144K, used 22474K [0x00000000e0000000, 0x0000000100000000)
  region size 1024K, 11 young (11264K), 11 survivors (11264K)
 Metaspace       used 16241K, committed 16704K, reserved 393216K
  class space    used 2285K, committed 2496K, reserved 327680K
}
Event: 25.343 GC heap before
{Heap before GC invocations=3 (full 0):
 garbage-first heap   total 262144K, used 57290K [0x00000000e0000000, 0x0000000100000000)
  region size 1024K, 47 young (48128K), 11 survivors (11264K)
 Metaspace       used 20809K, committed 21504K, reserved 393216K
  class space    used 3047K, committed 3392K, reserved 327680K
}
Event: 25.352 GC heap after
{Heap after GC invocations=4 (full 0):
 garbage-first heap   total 262144K, used 25520K [0x00000000e0000000, 0x0000000100000000)
  region size 1024K, 13 young (13312K), 13 survivors (13312K)
 Metaspace       used 20809K, committed 21504K, reserved 393216K
  class space    used 3047K, committed 3392K, reserved 327680K
}
Event: 243.662 GC heap before
{Heap before GC invocations=5 (full 0):
 garbage-first heap   total 262144K, used 145328K [0x00000000e0000000, 0x0000000100000000)
  region size 1024K, 131 young (134144K), 13 survivors (13312K)
 Metaspace       used 34764K, committed 35968K, reserved 393216K
  class space    used 5123K, committed 5696K, reserved 327680K
}
Event: 243.697 GC heap after
{Heap after GC invocations=6 (full 0):
 garbage-first heap   total 262144K, used 31557K [0x00000000e0000000, 0x0000000100000000)
  region size 1024K, 10 young (10240K), 10 survivors (10240K)
 Metaspace       used 34764K, committed 35968K, reserved 393216K
  class space    used 5123K, committed 5696K, reserved 327680K
}
Event: 243.868 GC heap before
{Heap before GC invocations=6 (full 0):
 garbage-first heap   total 262144K, used 32581K [0x00000000e0000000, 0x0000000100000000)
  region size 1024K, 13 young (13312K), 10 survivors (10240K)
 Metaspace       used 35097K, committed 36288K, reserved 393216K
  class space    used 5180K, committed 5760K, reserved 327680K
}
Event: 243.882 GC heap after
{Heap after GC invocations=7 (full 0):
 garbage-first heap   total 262144K, used 32599K [0x00000000e0000000, 0x0000000100000000)
  region size 1024K, 10 young (10240K), 10 survivors (10240K)
 Metaspace       used 35097K, committed 36288K, reserved 393216K
  class space    used 5180K, committed 5760K, reserved 327680K
}
Event: 243.928 GC heap before
{Heap before GC invocations=7 (full 0):
 garbage-first heap   total 262144K, used 32599K [0x00000000e0000000, 0x0000000100000000)
  region size 1024K, 11 young (11264K), 10 survivors (10240K)
 Metaspace       used 35371K, committed 36608K, reserved 393216K
  class space    used 5189K, committed 5824K, reserved 327680K
}
Event: 243.939 GC heap after
{Heap after GC invocations=8 (full 0):
 garbage-first heap   total 262144K, used 31946K [0x00000000e0000000, 0x0000000100000000)
  region size 1024K, 10 young (10240K), 10 survivors (10240K)
 Metaspace       used 35371K, committed 36608K, reserved 393216K
  class space    used 5189K, committed 5824K, reserved 327680K
}

