# JRE version: OpenJDK Runtime Environment Temurin-21.0.12.1+1 (21.0.12.1+1) (build 21.0.12.1+1-LTS)
# Java VM: OpenJDK 64-Bit Server VM Temurin-21.0.12.1+1 (21.0.12.1+1-LTS, mixed mode, sharing, tiered, compressed oops, compressed class ptrs, g1 gc, windows-amd64)
GC Precious Log:
 CardTable entry size: 512
 Card Set container configuration: InlinePtr #cards 5 size 8 Array Of Cards #cards 12 size 40 Howl #buckets 4 coarsen threshold 1843 Howl Bitmap #cards 512 size 80 coarsen threshold 460 Card regions per heap region 1 cards per card region 2048
 CPUs: 8 total, 8 available
 Memory: 24467M
 Large Page Support: Disabled
 NUMA Support: Disabled
 Compressed Oops: Enabled (32-bit)
 Heap Region Size: 1M
 Heap Min Capacity: 8M
 Heap Initial Capacity: 384M
 Heap Max Capacity: 1536M
 Pre-touch: Disabled
 Parallel Workers: 8
 Concurrent Workers: 2
 Concurrent Refinement Workers: 8
 Periodic GC: Disabled
Heap:
 garbage-first heap   total 84992K, used 47603K [0x00000000a0000000, 0x0000000100000000)
  region size 1024K, 6 young (6144K), 5 survivors (5120K)
 Metaspace       used 50537K, committed 52224K, reserved 1114112K
  class space    used 7275K, committed 8128K, reserved 1048576K
GC Heap History (20 events):
Event: 44.084 GC heap before
{Heap before GC invocations=9 (full 0):
 garbage-first heap   total 81920K, used 69136K [0x00000000a0000000, 0x0000000100000000)
  region size 1024K, 37 young (37888K), 4 survivors (4096K)
 Metaspace       used 38581K, committed 39872K, reserved 1114112K
  class space    used 5556K, committed 6208K, reserved 1048576K
}
Event: 44.092 GC heap after
{Heap after GC invocations=10 (full 0):
 garbage-first heap   total 81920K, used 37991K [0x00000000a0000000, 0x0000000100000000)
  region size 1024K, 3 young (3072K), 3 survivors (3072K)
 Metaspace       used 38581K, committed 39872K, reserved 1114112K
  class space    used 5556K, committed 6208K, reserved 1048576K
}
Event: 47.771 GC heap before
{Heap before GC invocations=10 (full 0):
 garbage-first heap   total 81920K, used 70759K [0x00000000a0000000, 0x0000000100000000)
  region size 1024K, 35 young (35840K), 3 survivors (3072K)
 Metaspace       used 42077K, committed 43584K, reserved 1114112K
  class space    used 6138K, committed 6848K, reserved 1048576K
}
Event: 47.778 GC heap after
{Heap after GC invocations=11 (full 0):
 garbage-first heap   total 81920K, used 40211K [0x00000000a0000000, 0x0000000100000000)
  region size 1024K, 5 young (5120K), 5 survivors (5120K)
 Metaspace       used 42077K, committed 43584K, reserved 1114112K
  class space    used 6138K, committed 6848K, reserved 1048576K
}
Event: 48.773 GC heap before
{Heap before GC invocations=11 (full 0):
 garbage-first heap   total 81920K, used 48403K [0x00000000a0000000, 0x0000000100000000)
  region size 1024K, 14 young (14336K), 5 survivors (5120K)
 Metaspace       used 43183K, committed 44672K, reserved 1114112K
  class space    used 6288K, committed 6976K, reserved 1048576K
}
Event: 48.779 GC heap after
{Heap after GC invocations=12 (full 0):
 garbage-first heap   total 81920K, used 41659K [0x00000000a0000000, 0x0000000100000000)
  region size 1024K, 3 young (3072K), 3 survivors (3072K)
 Metaspace       used 43183K, committed 44672K, reserved 1114112K
  class space    used 6288K, committed 6976K, reserved 1048576K
}
Event: 53.812 GC heap before
{Heap before GC invocations=13 (full 0):
 garbage-first heap   total 81920K, used 74427K [0x00000000a0000000, 0x0000000100000000)
  region size 1024K, 34 young (34816K), 3 survivors (3072K)
 Metaspace       used 46134K, committed 47744K, reserved 1114112K
  class space    used 6702K, committed 7488K, reserved 1048576K
}
Event: 53.817 GC heap after
{Heap after GC invocations=14 (full 0):
 garbage-first heap   total 81920K, used 42924K [0x00000000a0000000, 0x0000000100000000)
  region size 1024K, 5 young (5120K), 5 survivors (5120K)
 Metaspace       used 46134K, committed 47744K, reserved 1114112K
  class space    used 6702K, committed 7488K, reserved 1048576K
}
Event: 75.531 GC heap before
{Heap before GC invocations=14 (full 0):
 garbage-first heap   total 81920K, used 74668K [0x00000000a0000000, 0x0000000100000000)
  region size 1024K, 36 young (36864K), 5 survivors (5120K)
 Metaspace       used 48757K, committed 50432K, reserved 1114112K
  class space    used 7078K, committed 7872K, reserved 1048576K
}
Event: 75.538 GC heap after
{Heap after GC invocations=15 (full 0):
 garbage-first heap   total 81920K, used 42492K [0x00000000a0000000, 0x0000000100000000)
  region size 1024K, 4 young (4096K), 4 survivors (4096K)
 Metaspace       used 48757K, committed 50432K, reserved 1114112K
  class space    used 7078K, committed 7872K, reserved 1048576K
}
Event: 131.718 GC heap before
{Heap before GC invocations=15 (full 0):
 garbage-first heap   total 81920K, used 74236K [0x00000000a0000000, 0x0000000100000000)
  region size 1024K, 35 young (35840K), 4 survivors (4096K)
 Metaspace       used 48856K, committed 50496K, reserved 1114112K
  class space    used 7079K, committed 7872K, reserved 1048576K
}
Event: 131.723 GC heap after
{Heap after GC invocations=16 (full 0):
 garbage-first heap   total 81920K, used 43422K [0x00000000a0000000, 0x0000000100000000)
  region size 1024K, 2 young (2048K), 2 survivors (2048K)
 Metaspace       used 48856K, committed 50496K, reserved 1114112K
  class space    used 7079K, committed 7872K, reserved 1048576K
}
Event: 190.234 GC heap before
{Heap before GC invocations=17 (full 0):
 garbage-first heap   total 81920K, used 75166K [0x00000000a0000000, 0x0000000100000000)
  region size 1024K, 33 young (33792K), 2 survivors (2048K)
 Metaspace       used 48897K, committed 50560K, reserved 1114112K
  class space    used 7080K, committed 7872K, reserved 1048576K
}
Event: 190.237 GC heap after
{Heap after GC invocations=18 (full 0):
 garbage-first heap   total 81920K, used 43564K [0x00000000a0000000, 0x0000000100000000)
  region size 1024K, 3 young (3072K), 3 survivors (3072K)
 Metaspace       used 48897K, committed 50560K, reserved 1114112K
  class space    used 7080K, committed 7872K, reserved 1048576K
}
Event: 242.667 GC heap before
{Heap before GC invocations=18 (full 0):
 garbage-first heap   total 81920K, used 75308K [0x00000000a0000000, 0x0000000100000000)
  region size 1024K, 34 young (34816K), 3 survivors (3072K)
 Metaspace       used 48979K, committed 50624K, reserved 1114112K
  class space    used 7086K, committed 7872K, reserved 1048576K
}
Event: 242.672 GC heap after
{Heap after GC invocations=19 (full 0):
 garbage-first heap   total 81920K, used 43296K [0x00000000a0000000, 0x0000000100000000)
  region size 1024K, 3 young (3072K), 3 survivors (3072K)
 Metaspace       used 48979K, committed 50624K, reserved 1114112K
  class space    used 7086K, committed 7872K, reserved 1048576K
}
Event: 287.536 GC heap before
{Heap before GC invocations=19 (full 0):
 garbage-first heap   total 81920K, used 76064K [0x00000000a0000000, 0x0000000100000000)
  region size 1024K, 35 young (35840K), 3 survivors (3072K)
 Metaspace       used 49112K, committed 50880K, reserved 1114112K
  class space    used 7091K, committed 7936K, reserved 1048576K
}
Event: 287.541 GC heap after
{Heap after GC invocations=20 (full 0):
 garbage-first heap   total 81920K, used 44052K [0x00000000a0000000, 0x0000000100000000)
  region size 1024K, 4 young (4096K), 4 survivors (4096K)
 Metaspace       used 49112K, committed 50880K, reserved 1114112K
  class space    used 7091K, committed 7936K, reserved 1048576K
}
Event: 321.662 GC heap before
{Heap before GC invocations=21 (full 0):
 garbage-first heap   total 81920K, used 76820K [0x00000000a0000000, 0x0000000100000000)
  region size 1024K, 36 young (36864K), 4 survivors (4096K)
 Metaspace       used 49686K, committed 51392K, reserved 1114112K
  class space    used 7162K, committed 8000K, reserved 1048576K
}
Event: 321.671 GC heap after
{Heap after GC invocations=22 (full 0):
 garbage-first heap   total 82944K, used 45018K [0x00000000a0000000, 0x0000000100000000)
  region size 1024K, 4 young (4096K), 4 survivors (4096K)
 Metaspace       used 49686K, committed 51392K, reserved 1114112K
  class space    used 7162K, committed 8000K, reserved 1048576K
}

