# JRE version: OpenJDK Runtime Environment Temurin-21.0.12.1+1 (21.0.12.1+1) (build 21.0.12.1+1-LTS)
# Java VM: OpenJDK 64-Bit Server VM Temurin-21.0.12.1+1 (21.0.12.1+1-LTS, mixed mode, sharing, tiered, compressed oops, compressed class ptrs, g1 gc, windows-amd64)
GC Precious Log:
 CardTable entry size: 512
 Card Set container configuration: InlinePtr #cards 5 size 8 Array Of Cards #cards 12 size 40 Howl #buckets 4 coarsen threshold 1843 Howl Bitmap #cards 512 size 80 coarsen threshold 460 Card regions per heap region 1 cards per card region 2048
 CPUs: 8 total, 8 available
 Memory: 24467M
 Large Page Support: Disabled
 NUMA Support: Disabled
 Compressed Oops: Enabled (32-bit)
 Heap Region Size: 1M
 Heap Min Capacity: 8M
 Heap Initial Capacity: 384M
 Heap Max Capacity: 1536M
 Pre-touch: Disabled
 Parallel Workers: 8
 Concurrent Workers: 2
 Concurrent Refinement Workers: 8
 Periodic GC: Disabled
Heap:
 garbage-first heap   total 155648K, used 110086K [0x00000000a0000000, 0x0000000100000000)
  region size 1024K, 21 young (21504K), 6 survivors (6144K)
 Metaspace       used 77869K, committed 80064K, reserved 1179648K
  class space    used 10938K, committed 11968K, reserved 1048576K
GC Heap History (20 events):
Event: 1485.407 GC heap before
{Heap before GC invocations=49 (full 0):
 garbage-first heap   total 130048K, used 119164K [0x00000000a0000000, 0x0000000100000000)
  region size 1024K, 41 young (41984K), 2 survivors (2048K)
 Metaspace       used 73309K, committed 75200K, reserved 1114112K
  class space    used 10343K, committed 11264K, reserved 1048576K
}
Event: 1485.416 GC heap after
{Heap after GC invocations=50 (full 0):
 garbage-first heap   total 130048K, used 80188K [0x00000000a0000000, 0x0000000100000000)
  region size 1024K, 3 young (3072K), 3 survivors (3072K)
 Metaspace       used 73309K, committed 75200K, reserved 1114112K
  class space    used 10343K, committed 11264K, reserved 1048576K
}
Event: 1488.836 GC heap before
{Heap before GC invocations=50 (full 0):
 garbage-first heap   total 130048K, used 120124K [0x00000000a0000000, 0x0000000100000000)
  region size 1024K, 42 young (43008K), 3 survivors (3072K)
 Metaspace       used 76582K, committed 78592K, reserved 1179648K
  class space    used 10823K, committed 11776K, reserved 1048576K
}
Event: 1488.843 GC heap after
{Heap after GC invocations=51 (full 0):
 garbage-first heap   total 130048K, used 82174K [0x00000000a0000000, 0x0000000100000000)
  region size 1024K, 5 young (5120K), 5 survivors (5120K)
 Metaspace       used 76582K, committed 78592K, reserved 1179648K
  class space    used 10823K, committed 11776K, reserved 1048576K
}
Event: 1512.903 GC heap before
{Heap before GC invocations=52 (full 0):
 garbage-first heap   total 138240K, used 121086K [0x00000000a0000000, 0x0000000100000000)
  region size 1024K, 43 young (44032K), 5 survivors (5120K)
 Metaspace       used 76515K, committed 78592K, reserved 1179648K
  class space    used 10762K, committed 11776K, reserved 1048576K
}
Event: 1512.913 GC heap after
{Heap after GC invocations=53 (full 0):
 garbage-first heap   total 138240K, used 86390K [0x00000000a0000000, 0x0000000100000000)
  region size 1024K, 6 young (6144K), 6 survivors (6144K)
 Metaspace       used 76515K, committed 78592K, reserved 1179648K
  class space    used 10762K, committed 11776K, reserved 1048576K
}
Event: 1531.805 GC heap before
{Heap before GC invocations=53 (full 0):
 garbage-first heap   total 138240K, used 127350K [0x00000000a0000000, 0x0000000100000000)
  region size 1024K, 46 young (47104K), 6 survivors (6144K)
 Metaspace       used 76567K, committed 78592K, reserved 1179648K
  class space    used 10768K, committed 11776K, reserved 1048576K
}
Event: 1531.815 GC heap after
{Heap after GC invocations=54 (full 0):
 garbage-first heap   total 138240K, used 84883K [0x00000000a0000000, 0x0000000100000000)
  region size 1024K, 2 young (2048K), 2 survivors (2048K)
 Metaspace       used 76567K, committed 78592K, reserved 1179648K
  class space    used 10768K, committed 11776K, reserved 1048576K
}
Event: 1550.640 GC heap before
{Heap before GC invocations=54 (full 0):
 garbage-first heap   total 138240K, used 126867K [0x00000000a0000000, 0x0000000100000000)
  region size 1024K, 44 young (45056K), 2 survivors (2048K)
 Metaspace       used 78110K, committed 80064K, reserved 1179648K
  class space    used 11044K, committed 11968K, reserved 1048576K
}
Event: 1550.648 GC heap after
{Heap after GC invocations=55 (full 0):
 garbage-first heap   total 138240K, used 88495K [0x00000000a0000000, 0x0000000100000000)
  region size 1024K, 6 young (6144K), 6 survivors (6144K)
 Metaspace       used 78110K, committed 80064K, reserved 1179648K
  class space    used 11044K, committed 11968K, reserved 1048576K
}
Event: 1637.923 GC heap before
{Heap before GC invocations=56 (full 0):
 garbage-first heap   total 150528K, used 127407K [0x00000000a0000000, 0x0000000100000000)
  region size 1024K, 44 young (45056K), 6 survivors (6144K)
 Metaspace       used 77990K, committed 80064K, reserved 1179648K
  class space    used 10989K, committed 11968K, reserved 1048576K
}
Event: 1637.937 GC heap after
{Heap after GC invocations=57 (full 0):
 garbage-first heap   total 150528K, used 91110K [0x00000000a0000000, 0x0000000100000000)
  region size 1024K, 3 young (3072K), 3 survivors (3072K)
 Metaspace       used 77990K, committed 80064K, reserved 1179648K
  class space    used 10989K, committed 11968K, reserved 1048576K
}
Event: 1739.610 GC heap before
{Heap before GC invocations=57 (full 0):
 garbage-first heap   total 150528K, used 136166K [0x00000000a0000000, 0x0000000100000000)
  region size 1024K, 47 young (48128K), 3 survivors (3072K)
 Metaspace       used 78008K, committed 80064K, reserved 1179648K
  class space    used 10990K, committed 11968K, reserved 1048576K
}
Event: 1739.621 GC heap after
{Heap after GC invocations=58 (full 0):
 garbage-first heap   total 150528K, used 91374K [0x00000000a0000000, 0x0000000100000000)
  region size 1024K, 4 young (4096K), 4 survivors (4096K)
 Metaspace       used 78008K, committed 80064K, reserved 1179648K
  class space    used 10990K, committed 11968K, reserved 1048576K
}
Event: 1823.439 GC heap before
{Heap before GC invocations=58 (full 0):
 garbage-first heap   total 150528K, used 137454K [0x00000000a0000000, 0x0000000100000000)
  region size 1024K, 49 young (50176K), 4 survivors (4096K)
 Metaspace       used 78064K, committed 80064K, reserved 1179648K
  class space    used 10990K, committed 11968K, reserved 1048576K
}
Event: 1823.455 GC heap after
{Heap after GC invocations=59 (full 0):
 garbage-first heap   total 150528K, used 92079K [0x00000000a0000000, 0x0000000100000000)
  region size 1024K, 4 young (4096K), 4 survivors (4096K)
 Metaspace       used 78064K, committed 80064K, reserved 1179648K
  class space    used 10990K, committed 11968K, reserved 1048576K
}
Event: 1904.235 GC heap before
{Heap before GC invocations=60 (full 0):
 garbage-first heap   total 155648K, used 138159K [0x00000000a0000000, 0x0000000100000000)
  region size 1024K, 50 young (51200K), 4 survivors (4096K)
 Metaspace       used 77841K, committed 80064K, reserved 1179648K
  class space    used 10938K, committed 11968K, reserved 1048576K
}
Event: 1904.242 GC heap after
{Heap after GC invocations=61 (full 0):
 garbage-first heap   total 155648K, used 92204K [0x00000000a0000000, 0x0000000100000000)
  region size 1024K, 4 young (4096K), 4 survivors (4096K)
 Metaspace       used 77841K, committed 80064K, reserved 1179648K
  class space    used 10938K, committed 11968K, reserved 1048576K
}
Event: 1974.764 GC heap before
{Heap before GC invocations=61 (full 0):
 garbage-first heap   total 155648K, used 143404K [0x00000000a0000000, 0x0000000100000000)
  region size 1024K, 55 young (56320K), 4 survivors (4096K)
 Metaspace       used 77857K, committed 80064K, reserved 1179648K
  class space    used 10938K, committed 11968K, reserved 1048576K
}
Event: 1974.783 GC heap after
{Heap after GC invocations=62 (full 0):
 garbage-first heap   total 155648K, used 95750K [0x00000000a0000000, 0x0000000100000000)
  region size 1024K, 6 young (6144K), 6 survivors (6144K)
 Metaspace       used 77857K, committed 80064K, reserved 1179648K
  class space    used 10938K, committed 11968K, reserved 1048576K
}

