# JRE version: OpenJDK Runtime Environment Temurin-21.0.12.1+1 (21.0.12.1+1) (build 21.0.12.1+1-LTS)
# Java VM: OpenJDK 64-Bit Server VM Temurin-21.0.12.1+1 (21.0.12.1+1-LTS, mixed mode, sharing, tiered, compressed oops, compressed class ptrs, g1 gc, windows-amd64)
GC Precious Log:
 CardTable entry size: 512
 Card Set container configuration: InlinePtr #cards 5 size 8 Array Of Cards #cards 12 size 40 Howl #buckets 4 coarsen threshold 1843 Howl Bitmap #cards 512 size 80 coarsen threshold 460 Card regions per heap region 1 cards per card region 2048
 CPUs: 8 total, 8 available
 Memory: 24467M
 Large Page Support: Disabled
 NUMA Support: Disabled
 Compressed Oops: Enabled (32-bit)
 Heap Region Size: 1M
 Heap Min Capacity: 8M
 Heap Initial Capacity: 384M
 Heap Max Capacity: 1536M
 Pre-touch: Disabled
 Parallel Workers: 8
 Concurrent Workers: 2
 Concurrent Refinement Workers: 8
 Periodic GC: Disabled
Heap:
 garbage-first heap   total 81920K, used 73263K [0x00000000a0000000, 0x0000000100000000)
  region size 1024K, 34 young (34816K), 3 survivors (3072K)
 Metaspace       used 48902K, committed 50624K, reserved 1114112K
  class space    used 7065K, committed 7872K, reserved 1048576K
GC Heap History (20 events):
Event: 29.925 GC heap before
{Heap before GC invocations=2 (full 0):
 garbage-first heap   total 393216K, used 65257K [0x00000000a0000000, 0x0000000100000000)
  region size 1024K, 56 young (57344K), 5 survivors (5120K)
 Metaspace       used 5715K, committed 5952K, reserved 1114112K
  class space    used 769K, committed 832K, reserved 1048576K
}
Event: 29.934 GC heap after
{Heap after GC invocations=3 (full 0):
 garbage-first heap   total 393216K, used 17489K [0x00000000a0000000, 0x0000000100000000)
  region size 1024K, 6 young (6144K), 6 survivors (6144K)
 Metaspace       used 5715K, committed 5952K, reserved 1114112K
  class space    used 769K, committed 832K, reserved 1048576K
}
Event: 40.706 GC heap before
{Heap before GC invocations=3 (full 0):
 garbage-first heap   total 393216K, used 108625K [0x00000000a0000000, 0x0000000100000000)
  region size 1024K, 96 young (98304K), 6 survivors (6144K)
 Metaspace       used 20763K, committed 21504K, reserved 1114112K
  class space    used 3058K, committed 3456K, reserved 1048576K
}
Event: 40.721 GC heap after
{Heap after GC invocations=4 (full 0):
 garbage-first heap   total 393216K, used 24299K [0x00000000a0000000, 0x0000000100000000)
  region size 1024K, 12 young (12288K), 12 survivors (12288K)
 Metaspace       used 20763K, committed 21504K, reserved 1114112K
  class space    used 3058K, committed 3456K, reserved 1048576K
}
Event: 43.857 GC heap before
{Heap before GC invocations=5 (full 0):
 garbage-first heap   total 81920K, used 60139K [0x00000000a0000000, 0x0000000100000000)
  region size 1024K, 48 young (49152K), 12 survivors (12288K)
 Metaspace       used 25407K, committed 26368K, reserved 1114112K
  class space    used 3819K, committed 4288K, reserved 1048576K
}
Event: 43.870 GC heap after
{Heap after GC invocations=6 (full 0):
 garbage-first heap   total 81920K, used 26606K [0x00000000a0000000, 0x0000000100000000)
  region size 1024K, 3 young (3072K), 3 survivors (3072K)
 Metaspace       used 25407K, committed 26368K, reserved 1114112K
  class space    used 3819K, committed 4288K, reserved 1048576K
}
Event: 47.961 GC heap before
{Heap before GC invocations=6 (full 0):
 garbage-first heap   total 81920K, used 65518K [0x00000000a0000000, 0x0000000100000000)
  region size 1024K, 42 young (43008K), 3 survivors (3072K)
 Metaspace       used 32710K, committed 33664K, reserved 1114112K
  class space    used 4720K, committed 5184K, reserved 1048576K
}
Event: 47.970 GC heap after
{Heap after GC invocations=7 (full 0):
 garbage-first heap   total 81920K, used 31358K [0x00000000a0000000, 0x0000000100000000)
  region size 1024K, 6 young (6144K), 6 survivors (6144K)
 Metaspace       used 32710K, committed 33664K, reserved 1114112K
  class space    used 4720K, committed 5184K, reserved 1048576K
}
Event: 49.608 GC heap before
{Heap before GC invocations=7 (full 0):
 garbage-first heap   total 81920K, used 67198K [0x00000000a0000000, 0x0000000100000000)
  region size 1024K, 38 young (38912K), 6 survivors (6144K)
 Metaspace       used 34927K, committed 35968K, reserved 1114112K
  class space    used 4964K, committed 5504K, reserved 1048576K
}
Event: 49.616 GC heap after
{Heap after GC invocations=8 (full 0):
 garbage-first heap   total 81920K, used 33429K [0x00000000a0000000, 0x0000000100000000)
  region size 1024K, 3 young (3072K), 3 survivors (3072K)
 Metaspace       used 34927K, committed 35968K, reserved 1114112K
  class space    used 4964K, committed 5504K, reserved 1048576K
}
Event: 52.182 GC heap before
{Heap before GC invocations=9 (full 0):
 garbage-first heap   total 81920K, used 68245K [0x00000000a0000000, 0x0000000100000000)
  region size 1024K, 37 young (37888K), 3 survivors (3072K)
 Metaspace       used 38640K, committed 39936K, reserved 1114112K
  class space    used 5570K, committed 6208K, reserved 1048576K
}
Event: 52.187 GC heap after
{Heap after GC invocations=10 (full 0):
 garbage-first heap   total 81920K, used 35995K [0x00000000a0000000, 0x0000000100000000)
  region size 1024K, 3 young (3072K), 3 survivors (3072K)
 Metaspace       used 38640K, committed 39936K, reserved 1114112K
  class space    used 5570K, committed 6208K, reserved 1048576K
}
Event: 54.486 GC heap before
{Heap before GC invocations=10 (full 0):
 garbage-first heap   total 81920K, used 69787K [0x00000000a0000000, 0x0000000100000000)
  region size 1024K, 36 young (36864K), 3 survivors (3072K)
 Metaspace       used 42424K, committed 43904K, reserved 1114112K
  class space    used 6189K, committed 6912K, reserved 1048576K
}
Event: 54.493 GC heap after
{Heap after GC invocations=11 (full 0):
 garbage-first heap   total 81920K, used 38260K [0x00000000a0000000, 0x0000000100000000)
  region size 1024K, 5 young (5120K), 5 survivors (5120K)
 Metaspace       used 42424K, committed 43904K, reserved 1114112K
  class space    used 6189K, committed 6912K, reserved 1048576K
}
Event: 56.811 GC heap before
{Heap before GC invocations=11 (full 0):
 garbage-first heap   total 81920K, used 73076K [0x00000000a0000000, 0x0000000100000000)
  region size 1024K, 37 young (37888K), 5 survivors (5120K)
 Metaspace       used 45616K, committed 47296K, reserved 1114112K
  class space    used 6592K, committed 7424K, reserved 1048576K
}
Event: 56.819 GC heap after
{Heap after GC invocations=12 (full 0):
 garbage-first heap   total 81920K, used 40720K [0x00000000a0000000, 0x0000000100000000)
  region size 1024K, 5 young (5120K), 5 survivors (5120K)
 Metaspace       used 45616K, committed 47296K, reserved 1114112K
  class space    used 6592K, committed 7424K, reserved 1048576K
}
Event: 65.839 GC heap before
{Heap before GC invocations=12 (full 0):
 garbage-first heap   total 81920K, used 72464K [0x00000000a0000000, 0x0000000100000000)
  region size 1024K, 36 young (36864K), 5 survivors (5120K)
 Metaspace       used 48749K, committed 50432K, reserved 1114112K
  class space    used 7063K, committed 7872K, reserved 1048576K
}
Event: 65.845 GC heap after
{Heap after GC invocations=13 (full 0):
 garbage-first heap   total 81920K, used 41893K [0x00000000a0000000, 0x0000000100000000)
  region size 1024K, 4 young (4096K), 4 survivors (4096K)
 Metaspace       used 48749K, committed 50432K, reserved 1114112K
  class space    used 7063K, committed 7872K, reserved 1048576K
}
Event: 120.963 GC heap before
{Heap before GC invocations=13 (full 0):
 garbage-first heap   total 81920K, used 73637K [0x00000000a0000000, 0x0000000100000000)
  region size 1024K, 35 young (35840K), 4 survivors (4096K)
 Metaspace       used 48884K, committed 50560K, reserved 1114112K
  class space    used 7064K, committed 7872K, reserved 1048576K
}
Event: 120.968 GC heap after
{Heap after GC invocations=14 (full 0):
 garbage-first heap   total 81920K, used 42543K [0x00000000a0000000, 0x0000000100000000)
  region size 1024K, 3 young (3072K), 3 survivors (3072K)
 Metaspace       used 48884K, committed 50560K, reserved 1114112K
  class space    used 7064K, committed 7872K, reserved 1048576K
}

