# JRE version: OpenJDK Runtime Environment Temurin-21.0.12.1+1 (21.0.12.1+1) (build 21.0.12.1+1-LTS)
# Java VM: OpenJDK 64-Bit Server VM Temurin-21.0.12.1+1 (21.0.12.1+1-LTS, mixed mode, sharing, tiered, compressed oops, compressed class ptrs, g1 gc, windows-amd64)
GC Precious Log:
 CardTable entry size: 512
 Card Set container configuration: InlinePtr #cards 5 size 8 Array Of Cards #cards 12 size 40 Howl #buckets 4 coarsen threshold 1843 Howl Bitmap #cards 512 size 80 coarsen threshold 460 Card regions per heap region 1 cards per card region 2048
 CPUs: 8 total, 8 available
 Memory: 24467M
 Large Page Support: Disabled
 NUMA Support: Disabled
 Compressed Oops: Enabled (32-bit)
 Heap Region Size: 1M
 Heap Min Capacity: 8M
 Heap Initial Capacity: 384M
 Heap Max Capacity: 1536M
 Pre-touch: Disabled
 Parallel Workers: 8
 Concurrent Workers: 2
 Concurrent Refinement Workers: 8
 Periodic GC: Disabled
Heap:
 garbage-first heap   total 217088K, used 181336K [0x00000000a0000000, 0x0000000100000000)
  region size 1024K, 46 young (47104K), 4 survivors (4096K)
 Metaspace       used 92989K, committed 94976K, reserved 1179648K
  class space    used 13144K, committed 14016K, reserved 1048576K
GC Heap History (20 events):
Event: 1771.825 GC heap before
{Heap before GC invocations=60 (full 0):
 garbage-first heap   total 162816K, used 148125K [0x00000000a0000000, 0x0000000100000000)
  region size 1024K, 51 young (52224K), 5 survivors (5120K)
 Metaspace       used 78107K, committed 80192K, reserved 1179648K
  class space    used 11009K, committed 12032K, reserved 1048576K
}
Event: 1771.834 GC heap after
{Heap after GC invocations=61 (full 0):
 garbage-first heap   total 162816K, used 101376K [0x00000000a0000000, 0x0000000100000000)
  region size 1024K, 1 young (1024K), 1 survivors (1024K)
 Metaspace       used 78107K, committed 80192K, reserved 1179648K
  class space    used 11009K, committed 12032K, reserved 1048576K
}
Event: 1904.537 GC heap before
{Heap before GC invocations=61 (full 0):
 garbage-first heap   total 162816K, used 149504K [0x00000000a0000000, 0x0000000100000000)
  region size 1024K, 49 young (50176K), 1 survivors (1024K)
 Metaspace       used 78115K, committed 80192K, reserved 1179648K
  class space    used 11010K, committed 12032K, reserved 1048576K
}
Event: 1904.546 GC heap after
{Heap after GC invocations=62 (full 0):
 garbage-first heap   total 162816K, used 104567K [0x00000000a0000000, 0x0000000100000000)
  region size 1024K, 5 young (5120K), 5 survivors (5120K)
 Metaspace       used 78115K, committed 80192K, reserved 1179648K
  class space    used 11010K, committed 12032K, reserved 1048576K
}
Event: 1909.086 GC heap before
{Heap before GC invocations=63 (full 0):
 garbage-first heap   total 176128K, used 148599K [0x00000000a0000000, 0x0000000100000000)
  region size 1024K, 49 young (50176K), 5 survivors (5120K)
 Metaspace       used 76923K, committed 80192K, reserved 1179648K
  class space    used 10736K, committed 12032K, reserved 1048576K
}
Event: 1909.094 GC heap after
{Heap after GC invocations=64 (full 0):
 garbage-first heap   total 176128K, used 105987K [0x00000000a0000000, 0x0000000100000000)
  region size 1024K, 5 young (5120K), 5 survivors (5120K)
 Metaspace       used 76923K, committed 80192K, reserved 1179648K
  class space    used 10736K, committed 12032K, reserved 1048576K
}
Event: 1927.075 GC heap before
{Heap before GC invocations=64 (full 0):
 garbage-first heap   total 176128K, used 166403K [0x00000000a0000000, 0x0000000100000000)
  region size 1024K, 60 young (61440K), 5 survivors (5120K)
 Metaspace       used 79264K, committed 81088K, reserved 1179648K
  class space    used 11068K, committed 12032K, reserved 1048576K
}
Event: 1927.082 GC heap after
{Heap after GC invocations=65 (full 0):
 garbage-first heap   total 176128K, used 108435K [0x00000000a0000000, 0x0000000100000000)
  region size 1024K, 4 young (4096K), 4 survivors (4096K)
 Metaspace       used 79264K, committed 81088K, reserved 1179648K
  class space    used 11068K, committed 12032K, reserved 1048576K
}
Event: 1931.691 GC heap before
{Heap before GC invocations=65 (full 0):
 garbage-first heap   total 176128K, used 162707K [0x00000000a0000000, 0x0000000100000000)
  region size 1024K, 58 young (59392K), 4 survivors (4096K)
 Metaspace       used 85074K, committed 86720K, reserved 1179648K
  class space    used 11934K, committed 12672K, reserved 1048576K
}
Event: 1931.697 GC heap after
{Heap after GC invocations=66 (full 0):
 garbage-first heap   total 176128K, used 110630K [0x00000000a0000000, 0x0000000100000000)
  region size 1024K, 7 young (7168K), 7 survivors (7168K)
 Metaspace       used 85074K, committed 86720K, reserved 1179648K
  class space    used 11934K, committed 12672K, reserved 1048576K
}
Event: 1936.280 GC heap before
{Heap before GC invocations=67 (full 0):
 garbage-first heap   total 186368K, used 163878K [0x00000000a0000000, 0x0000000100000000)
  region size 1024K, 59 young (60416K), 7 survivors (7168K)
 Metaspace       used 88252K, committed 89856K, reserved 1179648K
  class space    used 12398K, committed 13120K, reserved 1048576K
}
Event: 1936.292 GC heap after
{Heap after GC invocations=68 (full 0):
 garbage-first heap   total 186368K, used 113555K [0x00000000a0000000, 0x0000000100000000)
  region size 1024K, 6 young (6144K), 6 survivors (6144K)
 Metaspace       used 88252K, committed 89856K, reserved 1179648K
  class space    used 12398K, committed 13120K, reserved 1048576K
}
Event: 1948.468 GC heap before
{Heap before GC invocations=68 (full 0):
 garbage-first heap   total 186368K, used 173971K [0x00000000a0000000, 0x0000000100000000)
  region size 1024K, 65 young (66560K), 6 survivors (6144K)
 Metaspace       used 89561K, committed 91200K, reserved 1179648K
  class space    used 12566K, committed 13312K, reserved 1048576K
}
Event: 1948.486 GC heap after
{Heap after GC invocations=69 (full 0):
 garbage-first heap   total 189440K, used 119739K [0x00000000a0000000, 0x0000000100000000)
  region size 1024K, 9 young (9216K), 9 survivors (9216K)
 Metaspace       used 89561K, committed 91200K, reserved 1179648K
  class space    used 12566K, committed 13312K, reserved 1048576K
}
Event: 1960.772 GC heap before
{Heap before GC invocations=69 (full 0):
 garbage-first heap   total 189440K, used 175035K [0x00000000a0000000, 0x0000000100000000)
  region size 1024K, 63 young (64512K), 9 survivors (9216K)
 Metaspace       used 90178K, committed 91968K, reserved 1179648K
  class space    used 12639K, committed 13440K, reserved 1048576K
}
Event: 1960.793 GC heap after
{Heap after GC invocations=70 (full 0):
 garbage-first heap   total 194560K, used 129220K [0x00000000a0000000, 0x0000000100000000)
  region size 1024K, 8 young (8192K), 8 survivors (8192K)
 Metaspace       used 90178K, committed 91968K, reserved 1179648K
  class space    used 12639K, committed 13440K, reserved 1048576K
}
Event: 1967.672 GC heap before
{Heap before GC invocations=71 (full 0):
 garbage-first heap   total 217088K, used 176324K [0x00000000a0000000, 0x0000000100000000)
  region size 1024K, 54 young (55296K), 8 survivors (8192K)
 Metaspace       used 90568K, committed 92352K, reserved 1179648K
  class space    used 12688K, committed 13504K, reserved 1048576K
}
Event: 1967.688 GC heap after
{Heap after GC invocations=72 (full 0):
 garbage-first heap   total 217088K, used 136803K [0x00000000a0000000, 0x0000000100000000)
  region size 1024K, 7 young (7168K), 7 survivors (7168K)
 Metaspace       used 90568K, committed 92352K, reserved 1179648K
  class space    used 12688K, committed 13504K, reserved 1048576K
}
Event: 2292.043 GC heap before
{Heap before GC invocations=72 (full 0):
 garbage-first heap   total 217088K, used 192099K [0x00000000a0000000, 0x0000000100000000)
  region size 1024K, 62 young (63488K), 7 survivors (7168K)
 Metaspace       used 92254K, committed 94080K, reserved 1179648K
  class space    used 13016K, committed 13824K, reserved 1048576K
}
Event: 2292.146 GC heap after
{Heap after GC invocations=73 (full 0):
 garbage-first heap   total 217088K, used 139352K [0x00000000a0000000, 0x0000000100000000)
  region size 1024K, 4 young (4096K), 4 survivors (4096K)
 Metaspace       used 92254K, committed 94080K, reserved 1179648K
  class space    used 13016K, committed 13824K, reserved 1048576K
}

