# JRE version: OpenJDK Runtime Environment Temurin-21.0.12.1+1 (21.0.12.1+1) (build 21.0.12.1+1-LTS)
# Java VM: OpenJDK 64-Bit Server VM Temurin-21.0.12.1+1 (21.0.12.1+1-LTS, mixed mode, sharing, tiered, compressed oops, compressed class ptrs, g1 gc, windows-amd64)
GC Precious Log:
 CardTable entry size: 512
 Card Set container configuration: InlinePtr #cards 5 size 8 Array Of Cards #cards 12 size 40 Howl #buckets 4 coarsen threshold 1843 Howl Bitmap #cards 512 size 80 coarsen threshold 460 Card regions per heap region 1 cards per card region 2048
 CPUs: 8 total, 8 available
 Memory: 24467M
 Large Page Support: Disabled
 NUMA Support: Disabled
 Compressed Oops: Enabled (32-bit)
 Heap Region Size: 1M
 Heap Min Capacity: 8M
 Heap Initial Capacity: 384M
 Heap Max Capacity: 1536M
 Pre-touch: Disabled
 Parallel Workers: 8
 Concurrent Workers: 2
 Concurrent Refinement Workers: 8
 Periodic GC: Disabled
Heap:
 garbage-first heap   total 88064K, used 80599K [0x00000000a0000000, 0x0000000100000000)
  region size 1024K, 28 young (28672K), 1 survivors (1024K)
 Metaspace       used 52031K, committed 53824K, reserved 1114112K
  class space    used 7446K, committed 8320K, reserved 1048576K
GC Heap History (20 events):
Event: 604.753 GC heap before
{Heap before GC invocations=18 (full 0):
 garbage-first heap   total 86016K, used 79635K [0x00000000a0000000, 0x0000000100000000)
  region size 1024K, 39 young (39936K), 3 survivors (3072K)
 Metaspace       used 49822K, committed 51520K, reserved 1114112K
  class space    used 7176K, committed 8000K, reserved 1048576K
}
Event: 604.760 GC heap after
{Heap after GC invocations=19 (full 0):
 garbage-first heap   total 86016K, used 44503K [0x00000000a0000000, 0x0000000100000000)
  region size 1024K, 3 young (3072K), 3 survivors (3072K)
 Metaspace       used 49822K, committed 51520K, reserved 1114112K
  class space    used 7176K, committed 8000K, reserved 1048576K
}
Event: 679.659 GC heap before
{Heap before GC invocations=20 (full 0):
 garbage-first heap   total 86016K, used 79319K [0x00000000a0000000, 0x0000000100000000)
  region size 1024K, 38 young (38912K), 3 survivors (3072K)
 Metaspace       used 49854K, committed 51520K, reserved 1114112K
  class space    used 7176K, committed 8000K, reserved 1048576K
}
Event: 679.665 GC heap after
{Heap after GC invocations=21 (full 0):
 garbage-first heap   total 86016K, used 44603K [0x00000000a0000000, 0x0000000100000000)
  region size 1024K, 3 young (3072K), 3 survivors (3072K)
 Metaspace       used 49854K, committed 51520K, reserved 1114112K
  class space    used 7176K, committed 8000K, reserved 1048576K
}
Event: 743.691 GC heap before
{Heap before GC invocations=21 (full 0):
 garbage-first heap   total 86016K, used 78395K [0x00000000a0000000, 0x0000000100000000)
  region size 1024K, 37 young (37888K), 3 survivors (3072K)
 Metaspace       used 49867K, committed 51584K, reserved 1114112K
  class space    used 7176K, committed 8000K, reserved 1048576K
}
Event: 743.696 GC heap after
{Heap after GC invocations=22 (full 0):
 garbage-first heap   total 86016K, used 44425K [0x00000000a0000000, 0x0000000100000000)
  region size 1024K, 3 young (3072K), 3 survivors (3072K)
 Metaspace       used 49867K, committed 51584K, reserved 1114112K
  class space    used 7176K, committed 8000K, reserved 1048576K
}
Event: 810.002 GC heap before
{Heap before GC invocations=22 (full 0):
 garbage-first heap   total 86016K, used 78217K [0x00000000a0000000, 0x0000000100000000)
  region size 1024K, 37 young (37888K), 3 survivors (3072K)
 Metaspace       used 49902K, committed 51584K, reserved 1114112K
  class space    used 7176K, committed 8000K, reserved 1048576K
}
Event: 810.009 GC heap after
{Heap after GC invocations=23 (full 0):
 garbage-first heap   total 86016K, used 44714K [0x00000000a0000000, 0x0000000100000000)
  region size 1024K, 3 young (3072K), 3 survivors (3072K)
 Metaspace       used 49902K, committed 51584K, reserved 1114112K
  class space    used 7176K, committed 8000K, reserved 1048576K
}
Event: 843.981 GC heap before
{Heap before GC invocations=24 (full 0):
 garbage-first heap   total 86016K, used 78506K [0x00000000a0000000, 0x0000000100000000)
  region size 1024K, 37 young (37888K), 3 survivors (3072K)
 Metaspace       used 50658K, committed 52416K, reserved 1114112K
  class space    used 7294K, committed 8128K, reserved 1048576K
}
Event: 843.991 GC heap after
{Heap after GC invocations=25 (full 0):
 garbage-first heap   total 87040K, used 48207K [0x00000000a0000000, 0x0000000100000000)
  region size 1024K, 5 young (5120K), 5 survivors (5120K)
 Metaspace       used 50658K, committed 52416K, reserved 1114112K
  class space    used 7294K, committed 8128K, reserved 1048576K
}
Event: 856.553 GC heap before
{Heap before GC invocations=25 (full 0):
 garbage-first heap   total 87040K, used 78927K [0x00000000a0000000, 0x0000000100000000)
  region size 1024K, 36 young (36864K), 5 survivors (5120K)
 Metaspace       used 51064K, committed 52736K, reserved 1114112K
  class space    used 7319K, committed 8128K, reserved 1048576K
}
Event: 856.561 GC heap after
{Heap after GC invocations=26 (full 0):
 garbage-first heap   total 88064K, used 49519K [0x00000000a0000000, 0x0000000100000000)
  region size 1024K, 4 young (4096K), 4 survivors (4096K)
 Metaspace       used 51064K, committed 52736K, reserved 1114112K
  class space    used 7319K, committed 8128K, reserved 1048576K
}
Event: 860.409 GC heap before
{Heap before GC invocations=26 (full 0):
 garbage-first heap   total 88064K, used 79215K [0x00000000a0000000, 0x0000000100000000)
  region size 1024K, 34 young (34816K), 4 survivors (4096K)
 Metaspace       used 51222K, committed 52864K, reserved 1114112K
  class space    used 7319K, committed 8128K, reserved 1048576K
}
Event: 860.413 GC heap after
{Heap after GC invocations=27 (full 0):
 garbage-first heap   total 88064K, used 50611K [0x00000000a0000000, 0x0000000100000000)
  region size 1024K, 4 young (4096K), 4 survivors (4096K)
 Metaspace       used 51222K, committed 52864K, reserved 1114112K
  class space    used 7319K, committed 8128K, reserved 1048576K
}
Event: 864.680 GC heap before
{Heap before GC invocations=28 (full 0):
 garbage-first heap   total 88064K, used 78259K [0x00000000a0000000, 0x0000000100000000)
  region size 1024K, 32 young (32768K), 4 survivors (4096K)
 Metaspace       used 51274K, committed 52992K, reserved 1114112K
  class space    used 7319K, committed 8128K, reserved 1048576K
}
Event: 864.686 GC heap after
{Heap after GC invocations=29 (full 0):
 garbage-first heap   total 88064K, used 52115K [0x00000000a0000000, 0x0000000100000000)
  region size 1024K, 4 young (4096K), 4 survivors (4096K)
 Metaspace       used 51274K, committed 52992K, reserved 1114112K
  class space    used 7319K, committed 8128K, reserved 1048576K
}
Event: 877.961 GC heap before
{Heap before GC invocations=29 (full 0):
 garbage-first heap   total 88064K, used 78739K [0x00000000a0000000, 0x0000000100000000)
  region size 1024K, 31 young (31744K), 4 survivors (4096K)
 Metaspace       used 51276K, committed 52992K, reserved 1114112K
  class space    used 7319K, committed 8128K, reserved 1048576K
}
Event: 877.965 GC heap after
{Heap after GC invocations=30 (full 0):
 garbage-first heap   total 88064K, used 51507K [0x00000000a0000000, 0x0000000100000000)
  region size 1024K, 3 young (3072K), 3 survivors (3072K)
 Metaspace       used 51276K, committed 52992K, reserved 1114112K
  class space    used 7319K, committed 8128K, reserved 1048576K
}
Event: 1038.123 GC heap before
{Heap before GC invocations=30 (full 0):
 garbage-first heap   total 88064K, used 78131K [0x00000000a0000000, 0x0000000100000000)
  region size 1024K, 30 young (30720K), 3 survivors (3072K)
 Metaspace       used 51391K, committed 53120K, reserved 1114112K
  class space    used 7337K, committed 8192K, reserved 1048576K
}
Event: 1038.126 GC heap after
{Heap after GC invocations=31 (full 0):
 garbage-first heap   total 88064K, used 49879K [0x00000000a0000000, 0x0000000100000000)
  region size 1024K, 1 young (1024K), 1 survivors (1024K)
 Metaspace       used 51391K, committed 53120K, reserved 1114112K
  class space    used 7337K, committed 8192K, reserved 1048576K
}

