# JRE version: OpenJDK Runtime Environment Temurin-21.0.12.1+1 (21.0.12.1+1) (build 21.0.12.1+1-LTS)
# Java VM: OpenJDK 64-Bit Server VM Temurin-21.0.12.1+1 (21.0.12.1+1-LTS, mixed mode, sharing, tiered, compressed oops, compressed class ptrs, g1 gc, windows-amd64)
GC Precious Log:
 CardTable entry size: 512
 Card Set container configuration: InlinePtr #cards 5 size 8 Array Of Cards #cards 12 size 40 Howl #buckets 4 coarsen threshold 1843 Howl Bitmap #cards 512 size 80 coarsen threshold 460 Card regions per heap region 1 cards per card region 2048
 CPUs: 8 total, 8 available
 Memory: 24467M
 Large Page Support: Disabled
 NUMA Support: Disabled
 Compressed Oops: Enabled (32-bit)
 Heap Region Size: 1M
 Heap Min Capacity: 8M
 Heap Initial Capacity: 384M
 Heap Max Capacity: 1536M
 Pre-touch: Disabled
 Parallel Workers: 8
 Concurrent Workers: 2
 Concurrent Refinement Workers: 8
 Periodic GC: Disabled
Heap:
 garbage-first heap   total 81920K, used 58417K [0x00000000a0000000, 0x0000000100000000)
  region size 1024K, 28 young (28672K), 4 survivors (4096K)
 Metaspace       used 40804K, committed 42240K, reserved 1114112K
  class space    used 5895K, committed 6592K, reserved 1048576K
GC Heap History (18 events):
Event: 55.216 GC heap before
{Heap before GC invocations=0 (full 0):
 garbage-first heap   total 393216K, used 23552K [0x00000000a0000000, 0x0000000100000000)
  region size 1024K, 23 young (23552K), 0 survivors (0K)
 Metaspace       used 912K, committed 1024K, reserved 1114112K
  class space    used 73K, committed 128K, reserved 1048576K
}
Event: 55.881 GC heap after
{Heap after GC invocations=1 (full 0):
 garbage-first heap   total 393216K, used 1536K [0x00000000a0000000, 0x0000000100000000)
  region size 1024K, 2 young (2048K), 2 survivors (2048K)
 Metaspace       used 912K, committed 1024K, reserved 1114112K
  class space    used 73K, committed 128K, reserved 1048576K
}
Event: 93.721 GC heap before
{Heap before GC invocations=1 (full 0):
 garbage-first heap   total 393216K, used 40448K [0x00000000a0000000, 0x0000000100000000)
  region size 1024K, 38 young (38912K), 2 survivors (2048K)
 Metaspace       used 4411K, committed 4608K, reserved 1114112K
  class space    used 557K, committed 640K, reserved 1048576K
}
Event: 93.727 GC heap after
{Heap after GC invocations=2 (full 0):
 garbage-first heap   total 393216K, used 10699K [0x00000000a0000000, 0x0000000100000000)
  region size 1024K, 5 young (5120K), 5 survivors (5120K)
 Metaspace       used 4411K, committed 4608K, reserved 1114112K
  class space    used 557K, committed 640K, reserved 1048576K
}
Event: 143.697 GC heap before
{Heap before GC invocations=2 (full 0):
 garbage-first heap   total 393216K, used 71115K [0x00000000a0000000, 0x0000000100000000)
  region size 1024K, 63 young (64512K), 5 survivors (5120K)
 Metaspace       used 7368K, committed 7680K, reserved 1114112K
  class space    used 1000K, committed 1152K, reserved 1048576K
}
Event: 143.708 GC heap after
{Heap after GC invocations=3 (full 0):
 garbage-first heap   total 393216K, used 17969K [0x00000000a0000000, 0x0000000100000000)
  region size 1024K, 6 young (6144K), 6 survivors (6144K)
 Metaspace       used 7368K, committed 7680K, reserved 1114112K
  class space    used 1000K, committed 1152K, reserved 1048576K
}
Event: 168.881 GC heap before
{Heap before GC invocations=3 (full 0):
 garbage-first heap   total 393216K, used 102961K [0x00000000a0000000, 0x0000000100000000)
  region size 1024K, 90 young (92160K), 6 survivors (6144K)
 Metaspace       used 20925K, committed 21504K, reserved 1114112K
  class space    used 3073K, committed 3328K, reserved 1048576K
}
Event: 168.893 GC heap after
{Heap after GC invocations=4 (full 0):
 garbage-first heap   total 393216K, used 23880K [0x00000000a0000000, 0x0000000100000000)
  region size 1024K, 12 young (12288K), 12 survivors (12288K)
 Metaspace       used 20925K, committed 21504K, reserved 1114112K
  class space    used 3073K, committed 3328K, reserved 1048576K
}
Event: 175.914 GC heap before
{Heap before GC invocations=5 (full 0):
 garbage-first heap   total 81920K, used 60744K [0x00000000a0000000, 0x0000000100000000)
  region size 1024K, 48 young (49152K), 12 survivors (12288K)
 Metaspace       used 25529K, committed 26496K, reserved 1114112K
  class space    used 3832K, committed 4288K, reserved 1048576K
}
Event: 175.929 GC heap after
{Heap after GC invocations=6 (full 0):
 garbage-first heap   total 81920K, used 26471K [0x00000000a0000000, 0x0000000100000000)
  region size 1024K, 3 young (3072K), 3 survivors (3072K)
 Metaspace       used 25529K, committed 26496K, reserved 1114112K
  class space    used 3832K, committed 4288K, reserved 1048576K
}
Event: 355.345 GC heap before
{Heap before GC invocations=6 (full 0):
 garbage-first heap   total 81920K, used 64359K [0x00000000a0000000, 0x0000000100000000)
  region size 1024K, 41 young (41984K), 3 survivors (3072K)
 Metaspace       used 29594K, committed 30656K, reserved 1114112K
  class space    used 4360K, committed 4864K, reserved 1048576K
}
Event: 355.356 GC heap after
{Heap after GC invocations=7 (full 0):
 garbage-first heap   total 81920K, used 28347K [0x00000000a0000000, 0x0000000100000000)
  region size 1024K, 4 young (4096K), 4 survivors (4096K)
 Metaspace       used 29594K, committed 30656K, reserved 1114112K
  class space    used 4360K, committed 4864K, reserved 1048576K
}
Event: 358.148 GC heap before
{Heap before GC invocations=7 (full 0):
 garbage-first heap   total 81920K, used 66235K [0x00000000a0000000, 0x0000000100000000)
  region size 1024K, 42 young (43008K), 4 survivors (4096K)
 Metaspace       used 33402K, committed 34496K, reserved 1114112K
  class space    used 4801K, committed 5312K, reserved 1048576K
}
Event: 358.163 GC heap after
{Heap after GC invocations=8 (full 0):
 garbage-first heap   total 81920K, used 32383K [0x00000000a0000000, 0x0000000100000000)
  region size 1024K, 6 young (6144K), 6 survivors (6144K)
 Metaspace       used 33402K, committed 34496K, reserved 1114112K
  class space    used 4801K, committed 5312K, reserved 1048576K
}
Event: 359.101 GC heap before
{Heap before GC invocations=8 (full 0):
 garbage-first heap   total 81920K, used 45695K [0x00000000a0000000, 0x0000000100000000)
  region size 1024K, 15 young (15360K), 6 survivors (6144K)
 Metaspace       used 34928K, committed 35968K, reserved 1114112K
  class space    used 4935K, committed 5440K, reserved 1048576K
}
Event: 359.109 GC heap after
{Heap after GC invocations=9 (full 0):
 garbage-first heap   total 81920K, used 33389K [0x00000000a0000000, 0x0000000100000000)
  region size 1024K, 2 young (2048K), 2 survivors (2048K)
 Metaspace       used 34928K, committed 35968K, reserved 1114112K
  class space    used 4935K, committed 5440K, reserved 1048576K
}
Event: 418.770 GC heap before
{Heap before GC invocations=10 (full 0):
 garbage-first heap   total 81920K, used 70253K [0x00000000a0000000, 0x0000000100000000)
  region size 1024K, 38 young (38912K), 2 survivors (2048K)
 Metaspace       used 38047K, committed 39232K, reserved 1114112K
  class space    used 5425K, committed 6016K, reserved 1048576K
}
Event: 418.774 GC heap after
{Heap after GC invocations=11 (full 0):
 garbage-first heap   total 81920K, used 34865K [0x00000000a0000000, 0x0000000100000000)
  region size 1024K, 4 young (4096K), 4 survivors (4096K)
 Metaspace       used 38047K, committed 39232K, reserved 1114112K
  class space    used 5425K, committed 6016K, reserved 1048576K
}

