# JRE version: OpenJDK Runtime Environment Temurin-21.0.12.1+1 (21.0.12.1+1) (build 21.0.12.1+1-LTS)
# Java VM: OpenJDK 64-Bit Server VM Temurin-21.0.12.1+1 (21.0.12.1+1-LTS, mixed mode, sharing, tiered, compressed oops, compressed class ptrs, g1 gc, windows-amd64)
GC Precious Log:
 CardTable entry size: 512
 Card Set container configuration: InlinePtr #cards 5 size 8 Array Of Cards #cards 12 size 40 Howl #buckets 4 coarsen threshold 1843 Howl Bitmap #cards 512 size 80 coarsen threshold 460 Card regions per heap region 1 cards per card region 2048
 CPUs: 8 total, 8 available
 Memory: 24467M
 Large Page Support: Disabled
 NUMA Support: Disabled
 Compressed Oops: Enabled (32-bit)
 Heap Region Size: 1M
 Heap Min Capacity: 8M
 Heap Initial Capacity: 384M
 Heap Max Capacity: 1536M
 Pre-touch: Disabled
 Parallel Workers: 8
 Concurrent Workers: 2
 Concurrent Refinement Workers: 8
 Periodic GC: Disabled
Heap:
 garbage-first heap   total 86016K, used 64736K [0x00000000a0000000, 0x0000000100000000)
  region size 1024K, 24 young (24576K), 3 survivors (3072K)
 Metaspace       used 50139K, committed 51840K, reserved 1114112K
  class space    used 7221K, committed 8064K, reserved 1048576K
GC Heap History (20 events):
Event: 34.011 GC heap before
{Heap before GC invocations=6 (full 0):
 garbage-first heap   total 86016K, used 68603K [0x00000000a0000000, 0x0000000100000000)
  region size 1024K, 45 young (46080K), 3 survivors (3072K)
 Metaspace       used 32611K, committed 33600K, reserved 1114112K
  class space    used 4708K, committed 5184K, reserved 1048576K
}
Event: 34.018 GC heap after
{Heap after GC invocations=7 (full 0):
 garbage-first heap   total 86016K, used 31192K [0x00000000a0000000, 0x0000000100000000)
  region size 1024K, 6 young (6144K), 6 survivors (6144K)
 Metaspace       used 32611K, committed 33600K, reserved 1114112K
  class space    used 4708K, committed 5184K, reserved 1048576K
}
Event: 35.225 GC heap before
{Heap before GC invocations=7 (full 0):
 garbage-first heap   total 86016K, used 70104K [0x00000000a0000000, 0x0000000100000000)
  region size 1024K, 40 young (40960K), 6 survivors (6144K)
 Metaspace       used 34867K, committed 35968K, reserved 1114112K
  class space    used 4945K, committed 5504K, reserved 1048576K
}
Event: 35.235 GC heap after
{Heap after GC invocations=8 (full 0):
 garbage-first heap   total 86016K, used 33734K [0x00000000a0000000, 0x0000000100000000)
  region size 1024K, 3 young (3072K), 3 survivors (3072K)
 Metaspace       used 34867K, committed 35968K, reserved 1114112K
  class space    used 4945K, committed 5504K, reserved 1048576K
}
Event: 42.155 GC heap before
{Heap before GC invocations=9 (full 0):
 garbage-first heap   total 86016K, used 72646K [0x00000000a0000000, 0x0000000100000000)
  region size 1024K, 41 young (41984K), 3 survivors (3072K)
 Metaspace       used 38895K, committed 40256K, reserved 1114112K
  class space    used 5608K, committed 6272K, reserved 1048576K
}
Event: 42.162 GC heap after
{Heap after GC invocations=10 (full 0):
 garbage-first heap   total 86016K, used 36659K [0x00000000a0000000, 0x0000000100000000)
  region size 1024K, 6 young (6144K), 6 survivors (6144K)
 Metaspace       used 38895K, committed 40256K, reserved 1114112K
  class space    used 5608K, committed 6272K, reserved 1048576K
}
Event: 46.122 GC heap before
{Heap before GC invocations=10 (full 0):
 garbage-first heap   total 86016K, used 72499K [0x00000000a0000000, 0x0000000100000000)
  region size 1024K, 42 young (43008K), 6 survivors (6144K)
 Metaspace       used 43205K, committed 44736K, reserved 1114112K
  class space    used 6285K, committed 7040K, reserved 1048576K
}
Event: 46.131 GC heap after
{Heap after GC invocations=11 (full 0):
 garbage-first heap   total 86016K, used 38432K [0x00000000a0000000, 0x0000000100000000)
  region size 1024K, 6 young (6144K), 6 survivors (6144K)
 Metaspace       used 43205K, committed 44736K, reserved 1114112K
  class space    used 6285K, committed 7040K, reserved 1048576K
}
Event: 50.409 GC heap before
{Heap before GC invocations=11 (full 0):
 garbage-first heap   total 86016K, used 76320K [0x00000000a0000000, 0x0000000100000000)
  region size 1024K, 41 young (41984K), 6 survivors (6144K)
 Metaspace       used 46460K, committed 48192K, reserved 1114112K
  class space    used 6734K, committed 7552K, reserved 1048576K
}
Event: 50.418 GC heap after
{Heap after GC invocations=12 (full 0):
 garbage-first heap   total 86016K, used 41045K [0x00000000a0000000, 0x0000000100000000)
  region size 1024K, 6 young (6144K), 6 survivors (6144K)
 Metaspace       used 46460K, committed 48192K, reserved 1114112K
  class space    used 6734K, committed 7552K, reserved 1048576K
}
Event: 81.366 GC heap before
{Heap before GC invocations=12 (full 0):
 garbage-first heap   total 86016K, used 74837K [0x00000000a0000000, 0x0000000100000000)
  region size 1024K, 39 young (39936K), 6 survivors (6144K)
 Metaspace       used 48804K, committed 50560K, reserved 1114112K
  class space    used 7069K, committed 7936K, reserved 1048576K
}
Event: 81.372 GC heap after
{Heap after GC invocations=13 (full 0):
 garbage-first heap   total 86016K, used 42478K [0x00000000a0000000, 0x0000000100000000)
  region size 1024K, 2 young (2048K), 2 survivors (2048K)
 Metaspace       used 48804K, committed 50560K, reserved 1114112K
  class space    used 7069K, committed 7936K, reserved 1048576K
}
Event: 138.711 GC heap before
{Heap before GC invocations=13 (full 0):
 garbage-first heap   total 86016K, used 76270K [0x00000000a0000000, 0x0000000100000000)
  region size 1024K, 35 young (35840K), 2 survivors (2048K)
 Metaspace       used 48923K, committed 50624K, reserved 1114112K
  class space    used 7071K, committed 7936K, reserved 1048576K
}
Event: 138.715 GC heap after
{Heap after GC invocations=14 (full 0):
 garbage-first heap   total 86016K, used 42719K [0x00000000a0000000, 0x0000000100000000)
  region size 1024K, 2 young (2048K), 2 survivors (2048K)
 Metaspace       used 48923K, committed 50624K, reserved 1114112K
  class space    used 7071K, committed 7936K, reserved 1048576K
}
Event: 188.314 GC heap before
{Heap before GC invocations=15 (full 0):
 garbage-first heap   total 86016K, used 77535K [0x00000000a0000000, 0x0000000100000000)
  region size 1024K, 36 young (36864K), 2 survivors (2048K)
 Metaspace       used 49055K, committed 50752K, reserved 1114112K
  class space    used 7082K, committed 7936K, reserved 1048576K
}
Event: 188.319 GC heap after
{Heap after GC invocations=16 (full 0):
 garbage-first heap   total 86016K, used 43733K [0x00000000a0000000, 0x0000000100000000)
  region size 1024K, 3 young (3072K), 3 survivors (3072K)
 Metaspace       used 49055K, committed 50752K, reserved 1114112K
  class space    used 7082K, committed 7936K, reserved 1048576K
}
Event: 237.720 GC heap before
{Heap before GC invocations=16 (full 0):
 garbage-first heap   total 86016K, used 78549K [0x00000000a0000000, 0x0000000100000000)
  region size 1024K, 37 young (37888K), 3 survivors (3072K)
 Metaspace       used 49177K, committed 50880K, reserved 1114112K
  class space    used 7089K, committed 7936K, reserved 1048576K
}
Event: 237.727 GC heap after
{Heap after GC invocations=17 (full 0):
 garbage-first heap   total 86016K, used 43759K [0x00000000a0000000, 0x0000000100000000)
  region size 1024K, 4 young (4096K), 4 survivors (4096K)
 Metaspace       used 49177K, committed 50880K, reserved 1114112K
  class space    used 7089K, committed 7936K, reserved 1048576K
}
Event: 300.099 GC heap before
{Heap before GC invocations=17 (full 0):
 garbage-first heap   total 86016K, used 77551K [0x00000000a0000000, 0x0000000100000000)
  region size 1024K, 38 young (38912K), 4 survivors (4096K)
 Metaspace       used 49704K, committed 51392K, reserved 1114112K
  class space    used 7162K, committed 8000K, reserved 1048576K
}
Event: 300.107 GC heap after
{Heap after GC invocations=18 (full 0):
 garbage-first heap   total 86016K, used 44256K [0x00000000a0000000, 0x0000000100000000)
  region size 1024K, 3 young (3072K), 3 survivors (3072K)
 Metaspace       used 49704K, committed 51392K, reserved 1114112K
  class space    used 7162K, committed 8000K, reserved 1048576K
}

