# JRE version: OpenJDK Runtime Environment Temurin-21.0.12.1+1 (21.0.12.1+1) (build 21.0.12.1+1-LTS)
# Java VM: OpenJDK 64-Bit Server VM Temurin-21.0.12.1+1 (21.0.12.1+1-LTS, mixed mode, sharing, tiered, compressed oops, compressed class ptrs, g1 gc, windows-amd64)
GC Precious Log:
 CardTable entry size: 512
 Card Set container configuration: InlinePtr #cards 5 size 8 Array Of Cards #cards 12 size 40 Howl #buckets 4 coarsen threshold 1843 Howl Bitmap #cards 512 size 80 coarsen threshold 460 Card regions per heap region 1 cards per card region 2048
 CPUs: 8 total, 8 available
 Memory: 24467M
 Large Page Support: Disabled
 NUMA Support: Disabled
 Compressed Oops: Enabled (32-bit)
 Heap Region Size: 1M
 Heap Min Capacity: 8M
 Heap Initial Capacity: 384M
 Heap Max Capacity: 1536M
 Pre-touch: Disabled
 Parallel Workers: 8
 Concurrent Workers: 2
 Concurrent Refinement Workers: 8
 Periodic GC: Disabled
Heap:
 garbage-first heap   total 84992K, used 76192K [0x00000000a0000000, 0x0000000100000000)
  region size 1024K, 34 young (34816K), 5 survivors (5120K)
 Metaspace       used 51047K, committed 52736K, reserved 1114112K
  class space    used 7317K, committed 8128K, reserved 1048576K
GC Heap History (20 events):
Event: 560.895 GC heap before
{Heap before GC invocations=13 (full 0):
 garbage-first heap   total 82944K, used 73786K [0x00000000a0000000, 0x0000000100000000)
  region size 1024K, 36 young (36864K), 3 survivors (3072K)
 Metaspace       used 48747K, committed 50432K, reserved 1114112K
  class space    used 7051K, committed 7872K, reserved 1048576K
}
Event: 560.900 GC heap after
{Heap after GC invocations=14 (full 0):
 garbage-first heap   total 82944K, used 41065K [0x00000000a0000000, 0x0000000100000000)
  region size 1024K, 4 young (4096K), 4 survivors (4096K)
 Metaspace       used 48747K, committed 50432K, reserved 1114112K
  class space    used 7051K, committed 7872K, reserved 1048576K
}
Event: 657.427 GC heap before
{Heap before GC invocations=15 (full 0):
 garbage-first heap   total 82944K, used 74857K [0x00000000a0000000, 0x0000000100000000)
  region size 1024K, 37 young (37888K), 4 survivors (4096K)
 Metaspace       used 48909K, committed 50624K, reserved 1114112K
  class space    used 7071K, committed 7936K, reserved 1048576K
}
Event: 657.431 GC heap after
{Heap after GC invocations=16 (full 0):
 garbage-first heap   total 82944K, used 41687K [0x00000000a0000000, 0x0000000100000000)
  region size 1024K, 3 young (3072K), 3 survivors (3072K)
 Metaspace       used 48909K, committed 50624K, reserved 1114112K
  class space    used 7071K, committed 7936K, reserved 1048576K
}
Event: 731.504 GC heap before
{Heap before GC invocations=16 (full 0):
 garbage-first heap   total 82944K, used 75479K [0x00000000a0000000, 0x0000000100000000)
  region size 1024K, 36 young (36864K), 3 survivors (3072K)
 Metaspace       used 48988K, committed 50752K, reserved 1114112K
  class space    used 7072K, committed 7936K, reserved 1048576K
}
Event: 731.510 GC heap after
{Heap after GC invocations=17 (full 0):
 garbage-first heap   total 82944K, used 41806K [0x00000000a0000000, 0x0000000100000000)
  region size 1024K, 3 young (3072K), 3 survivors (3072K)
 Metaspace       used 48988K, committed 50752K, reserved 1114112K
  class space    used 7072K, committed 7936K, reserved 1048576K
}
Event: 805.417 GC heap before
{Heap before GC invocations=17 (full 0):
 garbage-first heap   total 82944K, used 76622K [0x00000000a0000000, 0x0000000100000000)
  region size 1024K, 37 young (37888K), 3 survivors (3072K)
 Metaspace       used 49152K, committed 50880K, reserved 1114112K
  class space    used 7083K, committed 7936K, reserved 1048576K
}
Event: 805.425 GC heap after
{Heap after GC invocations=18 (full 0):
 garbage-first heap   total 82944K, used 42564K [0x00000000a0000000, 0x0000000100000000)
  region size 1024K, 4 young (4096K), 4 survivors (4096K)
 Metaspace       used 49152K, committed 50880K, reserved 1114112K
  class space    used 7083K, committed 7936K, reserved 1048576K
}
Event: 864.646 GC heap before
{Heap before GC invocations=19 (full 0):
 garbage-first heap   total 82944K, used 76356K [0x00000000a0000000, 0x0000000100000000)
  region size 1024K, 37 young (37888K), 4 survivors (4096K)
 Metaspace       used 49287K, committed 51008K, reserved 1114112K
  class space    used 7093K, committed 7936K, reserved 1048576K
}
Event: 864.652 GC heap after
{Heap after GC invocations=20 (full 0):
 garbage-first heap   total 82944K, used 43626K [0x00000000a0000000, 0x0000000100000000)
  region size 1024K, 3 young (3072K), 3 survivors (3072K)
 Metaspace       used 49287K, committed 51008K, reserved 1114112K
  class space    used 7093K, committed 7936K, reserved 1048576K
}
Event: 909.004 GC heap before
{Heap before GC invocations=20 (full 0):
 garbage-first heap   total 82944K, used 76394K [0x00000000a0000000, 0x0000000100000000)
  region size 1024K, 36 young (36864K), 3 survivors (3072K)
 Metaspace       used 49724K, committed 51456K, reserved 1114112K
  class space    used 7161K, committed 8000K, reserved 1048576K
}
Event: 909.013 GC heap after
{Heap after GC invocations=21 (full 0):
 garbage-first heap   total 82944K, used 43884K [0x00000000a0000000, 0x0000000100000000)
  region size 1024K, 3 young (3072K), 3 survivors (3072K)
 Metaspace       used 49724K, committed 51456K, reserved 1114112K
  class space    used 7161K, committed 8000K, reserved 1048576K
}
Event: 965.904 GC heap before
{Heap before GC invocations=21 (full 0):
 garbage-first heap   total 82944K, used 77676K [0x00000000a0000000, 0x0000000100000000)
  region size 1024K, 36 young (36864K), 3 survivors (3072K)
 Metaspace       used 49786K, committed 51520K, reserved 1114112K
  class space    used 7161K, committed 8000K, reserved 1048576K
}
Event: 965.908 GC heap after
{Heap after GC invocations=22 (full 0):
 garbage-first heap   total 82944K, used 44186K [0x00000000a0000000, 0x0000000100000000)
  region size 1024K, 3 young (3072K), 3 survivors (3072K)
 Metaspace       used 49786K, committed 51520K, reserved 1114112K
  class space    used 7161K, committed 8000K, reserved 1048576K
}
Event: 1011.309 GC heap before
{Heap before GC invocations=23 (full 0):
 garbage-first heap   total 82944K, used 75930K [0x00000000a0000000, 0x0000000100000000)
  region size 1024K, 35 young (35840K), 3 survivors (3072K)
 Metaspace       used 49791K, committed 51520K, reserved 1114112K
  class space    used 7161K, committed 8000K, reserved 1048576K
}
Event: 1011.313 GC heap after
{Heap after GC invocations=24 (full 0):
 garbage-first heap   total 82944K, used 44377K [0x00000000a0000000, 0x0000000100000000)
  region size 1024K, 3 young (3072K), 3 survivors (3072K)
 Metaspace       used 49791K, committed 51520K, reserved 1114112K
  class space    used 7161K, committed 8000K, reserved 1048576K
}
Event: 1060.386 GC heap before
{Heap before GC invocations=24 (full 0):
 garbage-first heap   total 82944K, used 75097K [0x00000000a0000000, 0x0000000100000000)
  region size 1024K, 34 young (34816K), 3 survivors (3072K)
 Metaspace       used 49929K, committed 51584K, reserved 1114112K
  class space    used 7184K, committed 8000K, reserved 1048576K
}
Event: 1060.393 GC heap after
{Heap after GC invocations=25 (full 0):
 garbage-first heap   total 82944K, used 44928K [0x00000000a0000000, 0x0000000100000000)
  region size 1024K, 3 young (3072K), 3 survivors (3072K)
 Metaspace       used 49929K, committed 51584K, reserved 1114112K
  class space    used 7184K, committed 8000K, reserved 1048576K
}
Event: 1063.549 GC heap before
{Heap before GC invocations=25 (full 0):
 garbage-first heap   total 82944K, used 76672K [0x00000000a0000000, 0x0000000100000000)
  region size 1024K, 35 young (35840K), 3 survivors (3072K)
 Metaspace       used 50736K, committed 52416K, reserved 1114112K
  class space    used 7292K, committed 8128K, reserved 1048576K
}
Event: 1063.559 GC heap after
{Heap after GC invocations=26 (full 0):
 garbage-first heap   total 84992K, used 48544K [0x00000000a0000000, 0x0000000100000000)
  region size 1024K, 5 young (5120K), 5 survivors (5120K)
 Metaspace       used 50736K, committed 52416K, reserved 1114112K
  class space    used 7292K, committed 8128K, reserved 1048576K
}

