# JRE version: OpenJDK Runtime Environment Temurin-21.0.12.1+1 (21.0.12.1+1) (build 21.0.12.1+1-LTS)
# Java VM: OpenJDK 64-Bit Server VM Temurin-21.0.12.1+1 (21.0.12.1+1-LTS, mixed mode, sharing, tiered, compressed oops, compressed class ptrs, g1 gc, windows-amd64)
GC Precious Log:
 CardTable entry size: 512
 Card Set container configuration: InlinePtr #cards 5 size 8 Array Of Cards #cards 12 size 40 Howl #buckets 4 coarsen threshold 1843 Howl Bitmap #cards 512 size 80 coarsen threshold 460 Card regions per heap region 1 cards per card region 2048
 CPUs: 8 total, 8 available
 Memory: 24467M
 Large Page Support: Disabled
 NUMA Support: Disabled
 Compressed Oops: Enabled (32-bit)
 Heap Region Size: 1M
 Heap Min Capacity: 8M
 Heap Initial Capacity: 384M
 Heap Max Capacity: 1536M
 Pre-touch: Disabled
 Parallel Workers: 8
 Concurrent Workers: 2
 Concurrent Refinement Workers: 8
 Periodic GC: Disabled
Heap:
 garbage-first heap   total 189440K, used 152070K [0x00000000a0000000, 0x0000000100000000)
  region size 1024K, 44 young (45056K), 5 survivors (5120K)
 Metaspace       used 79692K, committed 82816K, reserved 1179648K
  class space    used 11210K, committed 12480K, reserved 1048576K
GC Heap History (20 events):
Event: 1418.822 GC heap before
{Heap before GC invocations=53 (full 0):
 garbage-first heap   total 153600K, used 142623K [0x00000000a0000000, 0x0000000100000000)
  region size 1024K, 53 young (54272K), 3 survivors (3072K)
 Metaspace       used 78818K, committed 81088K, reserved 1179648K
  class space    used 11175K, committed 12288K, reserved 1048576K
}
Event: 1418.837 GC heap after
{Heap after GC invocations=54 (full 0):
 garbage-first heap   total 153600K, used 92133K [0x00000000a0000000, 0x0000000100000000)
  region size 1024K, 4 young (4096K), 4 survivors (4096K)
 Metaspace       used 78818K, committed 81088K, reserved 1179648K
  class space    used 11175K, committed 12288K, reserved 1048576K
}
Event: 1502.211 GC heap before
{Heap before GC invocations=54 (full 0):
 garbage-first heap   total 153600K, used 143333K [0x00000000a0000000, 0x0000000100000000)
  region size 1024K, 55 young (56320K), 4 survivors (4096K)
 Metaspace       used 78874K, committed 81152K, reserved 1179648K
  class space    used 11175K, committed 12288K, reserved 1048576K
}
Event: 1502.226 GC heap after
{Heap after GC invocations=55 (full 0):
 garbage-first heap   total 153600K, used 92959K [0x00000000a0000000, 0x0000000100000000)
  region size 1024K, 3 young (3072K), 3 survivors (3072K)
 Metaspace       used 78874K, committed 81152K, reserved 1179648K
  class space    used 11175K, committed 12288K, reserved 1048576K
}
Event: 1639.719 GC heap before
{Heap before GC invocations=56 (full 0):
 garbage-first heap   total 157696K, used 142111K [0x00000000a0000000, 0x0000000100000000)
  region size 1024K, 52 young (53248K), 3 survivors (3072K)
 Metaspace       used 78889K, committed 81152K, reserved 1179648K
  class space    used 11174K, committed 12288K, reserved 1048576K
}
Event: 1639.727 GC heap after
{Heap after GC invocations=57 (full 0):
 garbage-first heap   total 157696K, used 96618K [0x00000000a0000000, 0x0000000100000000)
  region size 1024K, 6 young (6144K), 6 survivors (6144K)
 Metaspace       used 78889K, committed 81152K, reserved 1179648K
  class space    used 11174K, committed 12288K, reserved 1048576K
}
Event: 1641.373 GC heap before
{Heap before GC invocations=57 (full 0):
 garbage-first heap   total 157696K, used 146794K [0x00000000a0000000, 0x0000000100000000)
  region size 1024K, 56 young (57344K), 6 survivors (6144K)
 Metaspace       used 78897K, committed 81152K, reserved 1179648K
  class space    used 11174K, committed 12288K, reserved 1048576K
}
Event: 1641.389 GC heap after
{Heap after GC invocations=58 (full 0):
 garbage-first heap   total 157696K, used 97340K [0x00000000a0000000, 0x0000000100000000)
  region size 1024K, 4 young (4096K), 4 survivors (4096K)
 Metaspace       used 78897K, committed 81152K, reserved 1179648K
  class space    used 11174K, committed 12288K, reserved 1048576K
}
Event: 1657.697 GC heap before
{Heap before GC invocations=58 (full 0):
 garbage-first heap   total 157696K, used 146492K [0x00000000a0000000, 0x0000000100000000)
  region size 1024K, 53 young (54272K), 4 survivors (4096K)
 Metaspace       used 78900K, committed 81152K, reserved 1179648K
  class space    used 11174K, committed 12288K, reserved 1048576K
}
Event: 1657.702 GC heap after
{Heap after GC invocations=59 (full 0):
 garbage-first heap   total 157696K, used 96404K [0x00000000a0000000, 0x0000000100000000)
  region size 1024K, 3 young (3072K), 3 survivors (3072K)
 Metaspace       used 78900K, committed 81152K, reserved 1179648K
  class space    used 11174K, committed 12288K, reserved 1048576K
}
Event: 1957.755 GC heap before
{Heap before GC invocations=60 (full 0):
 garbage-first heap   total 162816K, used 151700K [0x00000000a0000000, 0x0000000100000000)
  region size 1024K, 53 young (54272K), 3 survivors (3072K)
 Metaspace       used 78450K, committed 81152K, reserved 1179648K
  class space    used 11030K, committed 12288K, reserved 1048576K
}
Event: 1957.797 GC heap after
{Heap after GC invocations=61 (full 0):
 garbage-first heap   total 162816K, used 105635K [0x00000000a0000000, 0x0000000100000000)
  region size 1024K, 7 young (7168K), 7 survivors (7168K)
 Metaspace       used 78450K, committed 81152K, reserved 1179648K
  class space    used 11030K, committed 12288K, reserved 1048576K
}
Event: 2041.295 GC heap before
{Heap before GC invocations=61 (full 0):
 garbage-first heap   total 162816K, used 150691K [0x00000000a0000000, 0x0000000100000000)
  region size 1024K, 51 young (52224K), 7 survivors (7168K)
 Metaspace       used 79602K, committed 81664K, reserved 1179648K
  class space    used 11227K, committed 12288K, reserved 1048576K
}
Event: 2041.328 GC heap after
{Heap after GC invocations=62 (full 0):
 garbage-first heap   total 166912K, used 109972K [0x00000000a0000000, 0x0000000100000000)
  region size 1024K, 6 young (6144K), 6 survivors (6144K)
 Metaspace       used 79602K, committed 81664K, reserved 1179648K
  class space    used 11227K, committed 12288K, reserved 1048576K
}
Event: 2120.285 GC heap before
{Heap before GC invocations=62 (full 0):
 garbage-first heap   total 166912K, used 151956K [0x00000000a0000000, 0x0000000100000000)
  region size 1024K, 47 young (48128K), 6 survivors (6144K)
 Metaspace       used 80732K, committed 82816K, reserved 1179648K
  class space    used 11460K, committed 12480K, reserved 1048576K
}
Event: 2120.296 GC heap after
{Heap after GC invocations=63 (full 0):
 garbage-first heap   total 166912K, used 112493K [0x00000000a0000000, 0x0000000100000000)
  region size 1024K, 3 young (3072K), 3 survivors (3072K)
 Metaspace       used 80732K, committed 82816K, reserved 1179648K
  class space    used 11460K, committed 12480K, reserved 1048576K
}
Event: 2222.574 GC heap before
{Heap before GC invocations=64 (full 0):
 garbage-first heap   total 189440K, used 152429K [0x00000000a0000000, 0x0000000100000000)
  region size 1024K, 43 young (44032K), 3 survivors (3072K)
 Metaspace       used 79650K, committed 82816K, reserved 1179648K
  class space    used 11210K, committed 12480K, reserved 1048576K
}
Event: 2222.583 GC heap after
{Heap after GC invocations=65 (full 0):
 garbage-first heap   total 189440K, used 112870K [0x00000000a0000000, 0x0000000100000000)
  region size 1024K, 3 young (3072K), 3 survivors (3072K)
 Metaspace       used 79650K, committed 82816K, reserved 1179648K
  class space    used 11210K, committed 12480K, reserved 1048576K
}
Event: 2363.538 GC heap before
{Heap before GC invocations=65 (full 0):
 garbage-first heap   total 189440K, used 177382K [0x00000000a0000000, 0x0000000100000000)
  region size 1024K, 66 young (67584K), 3 survivors (3072K)
 Metaspace       used 79683K, committed 82816K, reserved 1179648K
  class space    used 11210K, committed 12480K, reserved 1048576K
}
Event: 2363.563 GC heap after
{Heap after GC invocations=66 (full 0):
 garbage-first heap   total 189440K, used 113158K [0x00000000a0000000, 0x0000000100000000)
  region size 1024K, 5 young (5120K), 5 survivors (5120K)
 Metaspace       used 79683K, committed 82816K, reserved 1179648K
  class space    used 11210K, committed 12480K, reserved 1048576K
}

