# JRE version: OpenJDK Runtime Environment Temurin-21.0.12.1+1 (21.0.12.1+1) (build 21.0.12.1+1-LTS)
# Java VM: OpenJDK 64-Bit Server VM Temurin-21.0.12.1+1 (21.0.12.1+1-LTS, mixed mode, sharing, tiered, compressed oops, compressed class ptrs, g1 gc, windows-amd64)
GC Precious Log:
 CardTable entry size: 512
 Card Set container configuration: InlinePtr #cards 5 size 8 Array Of Cards #cards 12 size 40 Howl #buckets 4 coarsen threshold 1843 Howl Bitmap #cards 512 size 80 coarsen threshold 460 Card regions per heap region 1 cards per card region 2048
 CPUs: 8 total, 8 available
 Memory: 24467M
 Large Page Support: Disabled
 NUMA Support: Disabled
 Compressed Oops: Enabled (32-bit)
 Heap Region Size: 1M
 Heap Min Capacity: 256M
 Heap Initial Capacity: 256M
 Heap Max Capacity: 512M
 Pre-touch: Disabled
 Parallel Workers: 8
 Concurrent Workers: 2
 Concurrent Refinement Workers: 8
 Periodic GC: Disabled
Heap:
 garbage-first heap   total 262144K, used 176645K [0x00000000e0000000, 0x0000000100000000)
  region size 1024K, 144 young (147456K), 12 survivors (12288K)
 Metaspace       used 49190K, committed 50880K, reserved 393216K
  class space    used 7076K, committed 7936K, reserved 327680K
GC Heap History (14 events):
Event: 19.131 GC heap before
{Heap before GC invocations=0 (full 0):
 garbage-first heap   total 262144K, used 26624K [0x00000000e0000000, 0x0000000100000000)
  region size 1024K, 23 young (23552K), 0 survivors (0K)
 Metaspace       used 1131K, committed 1280K, reserved 393216K
  class space    used 82K, committed 128K, reserved 327680K
}
Event: 19.177 GC heap after
{Heap after GC invocations=1 (full 0):
 garbage-first heap   total 262144K, used 10239K [0x00000000e0000000, 0x0000000100000000)
  region size 1024K, 3 young (3072K), 3 survivors (3072K)
 Metaspace       used 1131K, committed 1280K, reserved 393216K
  class space    used 82K, committed 128K, reserved 327680K
}
Event: 37.183 GC heap before
{Heap before GC invocations=1 (full 0):
 garbage-first heap   total 262144K, used 40959K [0x00000000e0000000, 0x0000000100000000)
  region size 1024K, 33 young (33792K), 3 survivors (3072K)
 Metaspace       used 4312K, committed 4480K, reserved 393216K
  class space    used 546K, committed 640K, reserved 327680K
}
Event: 37.187 GC heap after
{Heap after GC invocations=2 (full 0):
 garbage-first heap   total 262144K, used 11913K [0x00000000e0000000, 0x0000000100000000)
  region size 1024K, 2 young (2048K), 2 survivors (2048K)
 Metaspace       used 4312K, committed 4480K, reserved 393216K
  class space    used 546K, committed 640K, reserved 327680K
}
Event: 169.558 GC heap before
{Heap before GC invocations=2 (full 0):
 garbage-first heap   total 262144K, used 150153K [0x00000000e0000000, 0x0000000100000000)
  region size 1024K, 136 young (139264K), 2 survivors (2048K)
 Metaspace       used 20576K, committed 21248K, reserved 393216K
  class space    used 2989K, committed 3328K, reserved 327680K
}
Event: 169.621 GC heap after
{Heap after GC invocations=3 (full 0):
 garbage-first heap   total 262144K, used 24202K [0x00000000e0000000, 0x0000000100000000)
  region size 1024K, 13 young (13312K), 13 survivors (13312K)
 Metaspace       used 20576K, committed 21248K, reserved 393216K
  class space    used 2989K, committed 3328K, reserved 327680K
}
Event: 170.382 GC heap before
{Heap before GC invocations=3 (full 0):
 garbage-first heap   total 262144K, used 27274K [0x00000000e0000000, 0x0000000100000000)
  region size 1024K, 17 young (17408K), 13 survivors (13312K)
 Metaspace       used 20868K, committed 21504K, reserved 393216K
  class space    used 3037K, committed 3328K, reserved 327680K
}
Event: 170.396 GC heap after
{Heap after GC invocations=4 (full 0):
 garbage-first heap   total 262144K, used 25543K [0x00000000e0000000, 0x0000000100000000)
  region size 1024K, 2 young (2048K), 2 survivors (2048K)
 Metaspace       used 20868K, committed 21504K, reserved 393216K
  class space    used 3037K, committed 3328K, reserved 327680K
}
Event: 272.850 GC heap before
{Heap before GC invocations=5 (full 0):
 garbage-first heap   total 262144K, used 139207K [0x00000000e0000000, 0x0000000100000000)
  region size 1024K, 114 young (116736K), 2 survivors (2048K)
 Metaspace       used 34892K, committed 36160K, reserved 393216K
  class space    used 5172K, committed 5824K, reserved 327680K
}
Event: 272.859 GC heap after
{Heap after GC invocations=6 (full 0):
 garbage-first heap   total 262144K, used 30896K [0x00000000e0000000, 0x0000000100000000)
  region size 1024K, 7 young (7168K), 7 survivors (7168K)
 Metaspace       used 34892K, committed 36160K, reserved 393216K
  class space    used 5172K, committed 5824K, reserved 327680K
}
Event: 374.382 GC heap before
{Heap before GC invocations=7 (full 0):
 garbage-first heap   total 262144K, used 186544K [0x00000000e0000000, 0x0000000100000000)
  region size 1024K, 153 young (156672K), 7 survivors (7168K)
 Metaspace       used 48249K, committed 49920K, reserved 393216K
  class space    used 6980K, committed 7808K, reserved 327680K
}
Event: 374.404 GC heap after
{Heap after GC invocations=8 (full 0):
 garbage-first heap   total 262144K, used 41175K [0x00000000e0000000, 0x0000000100000000)
  region size 1024K, 17 young (17408K), 17 survivors (17408K)
 Metaspace       used 48249K, committed 49920K, reserved 393216K
  class space    used 6980K, committed 7808K, reserved 327680K
}
Event: 698.416 GC heap before
{Heap before GC invocations=8 (full 0):
 garbage-first heap   total 262144K, used 180439K [0x00000000e0000000, 0x0000000100000000)
  region size 1024K, 153 young (156672K), 17 survivors (17408K)
 Metaspace       used 48543K, committed 50176K, reserved 393216K
  class space    used 6992K, committed 7808K, reserved 327680K
}
Event: 698.461 GC heap after
{Heap after GC invocations=9 (full 0):
 garbage-first heap   total 262144K, used 42501K [0x00000000e0000000, 0x0000000100000000)
  region size 1024K, 12 young (12288K), 12 survivors (12288K)
 Metaspace       used 48543K, committed 50176K, reserved 393216K
  class space    used 6992K, committed 7808K, reserved 327680K
}

