# JRE version: OpenJDK Runtime Environment Temurin-21.0.12.1+1 (21.0.12.1+1) (build 21.0.12.1+1-LTS)
# Java VM: OpenJDK 64-Bit Server VM Temurin-21.0.12.1+1 (21.0.12.1+1-LTS, mixed mode, sharing, tiered, compressed oops, compressed class ptrs, g1 gc, windows-amd64)
GC Precious Log:
 CardTable entry size: 512
 Card Set container configuration: InlinePtr #cards 5 size 8 Array Of Cards #cards 12 size 40 Howl #buckets 4 coarsen threshold 1843 Howl Bitmap #cards 512 size 80 coarsen threshold 460 Card regions per heap region 1 cards per card region 2048
 CPUs: 8 total, 8 available
 Memory: 24467M
 Large Page Support: Disabled
 NUMA Support: Disabled
 Compressed Oops: Enabled (32-bit)
 Heap Region Size: 1M
 Heap Min Capacity: 8M
 Heap Initial Capacity: 384M
 Heap Max Capacity: 1536M
 Pre-touch: Disabled
 Parallel Workers: 8
 Concurrent Workers: 2
 Concurrent Refinement Workers: 8
 Periodic GC: Disabled
Heap:
 garbage-first heap   total 81920K, used 60366K [0x00000000a0000000, 0x0000000100000000)
  region size 1024K, 21 young (21504K), 2 survivors (2048K)
 Metaspace       used 48898K, committed 50560K, reserved 1114112K
  class space    used 7070K, committed 7872K, reserved 1048576K
GC Heap History (20 events):
Event: 106.154 GC heap before
{Heap before GC invocations=2 (full 0):
 garbage-first heap   total 393216K, used 66195K [0x00000000a0000000, 0x0000000100000000)
  region size 1024K, 57 young (58368K), 5 survivors (5120K)
 Metaspace       used 5872K, committed 6080K, reserved 1114112K
  class space    used 782K, committed 896K, reserved 1048576K
}
Event: 106.162 GC heap after
{Heap after GC invocations=3 (full 0):
 garbage-first heap   total 393216K, used 18128K [0x00000000a0000000, 0x0000000100000000)
  region size 1024K, 6 young (6144K), 6 survivors (6144K)
 Metaspace       used 5872K, committed 6080K, reserved 1114112K
  class space    used 782K, committed 896K, reserved 1048576K
}
Event: 121.902 GC heap before
{Heap before GC invocations=3 (full 0):
 garbage-first heap   total 393216K, used 108240K [0x00000000a0000000, 0x0000000100000000)
  region size 1024K, 95 young (97280K), 6 survivors (6144K)
 Metaspace       used 20865K, committed 21504K, reserved 1114112K
  class space    used 3067K, committed 3328K, reserved 1048576K
}
Event: 121.913 GC heap after
{Heap after GC invocations=4 (full 0):
 garbage-first heap   total 393216K, used 24428K [0x00000000a0000000, 0x0000000100000000)
  region size 1024K, 12 young (12288K), 12 survivors (12288K)
 Metaspace       used 20865K, committed 21504K, reserved 1114112K
  class space    used 3067K, committed 3328K, reserved 1048576K
}
Event: 125.698 GC heap before
{Heap before GC invocations=5 (full 0):
 garbage-first heap   total 81920K, used 60268K [0x00000000a0000000, 0x0000000100000000)
  region size 1024K, 48 young (49152K), 12 survivors (12288K)
 Metaspace       used 25555K, committed 26432K, reserved 1114112K
  class space    used 3844K, committed 4288K, reserved 1048576K
}
Event: 125.711 GC heap after
{Heap after GC invocations=6 (full 0):
 garbage-first heap   total 81920K, used 26651K [0x00000000a0000000, 0x0000000100000000)
  region size 1024K, 3 young (3072K), 3 survivors (3072K)
 Metaspace       used 25555K, committed 26432K, reserved 1114112K
  class space    used 3844K, committed 4288K, reserved 1048576K
}
Event: 130.439 GC heap before
{Heap before GC invocations=6 (full 0):
 garbage-first heap   total 81920K, used 64539K [0x00000000a0000000, 0x0000000100000000)
  region size 1024K, 41 young (41984K), 3 survivors (3072K)
 Metaspace       used 32717K, committed 33664K, reserved 1114112K
  class space    used 4720K, committed 5184K, reserved 1048576K
}
Event: 130.446 GC heap after
{Heap after GC invocations=7 (full 0):
 garbage-first heap   total 81920K, used 30535K [0x00000000a0000000, 0x0000000100000000)
  region size 1024K, 6 young (6144K), 6 survivors (6144K)
 Metaspace       used 32717K, committed 33664K, reserved 1114112K
  class space    used 4720K, committed 5184K, reserved 1048576K
}
Event: 133.111 GC heap before
{Heap before GC invocations=7 (full 0):
 garbage-first heap   total 81920K, used 68423K [0x00000000a0000000, 0x0000000100000000)
  region size 1024K, 39 young (39936K), 6 survivors (6144K)
 Metaspace       used 35037K, committed 36096K, reserved 1114112K
  class space    used 4974K, committed 5504K, reserved 1048576K
}
Event: 133.118 GC heap after
{Heap after GC invocations=8 (full 0):
 garbage-first heap   total 81920K, used 33106K [0x00000000a0000000, 0x0000000100000000)
  region size 1024K, 4 young (4096K), 4 survivors (4096K)
 Metaspace       used 35037K, committed 36096K, reserved 1114112K
  class space    used 4974K, committed 5504K, reserved 1048576K
}
Event: 137.120 GC heap before
{Heap before GC invocations=9 (full 0):
 garbage-first heap   total 81920K, used 67922K [0x00000000a0000000, 0x0000000100000000)
  region size 1024K, 38 young (38912K), 4 survivors (4096K)
 Metaspace       used 38734K, committed 40000K, reserved 1114112K
  class space    used 5584K, committed 6208K, reserved 1048576K
}
Event: 137.126 GC heap after
{Heap after GC invocations=10 (full 0):
 garbage-first heap   total 81920K, used 35613K [0x00000000a0000000, 0x0000000100000000)
  region size 1024K, 3 young (3072K), 3 survivors (3072K)
 Metaspace       used 38734K, committed 40000K, reserved 1114112K
  class space    used 5584K, committed 6208K, reserved 1048576K
}
Event: 140.394 GC heap before
{Heap before GC invocations=10 (full 0):
 garbage-first heap   total 81920K, used 69405K [0x00000000a0000000, 0x0000000100000000)
  region size 1024K, 36 young (36864K), 3 survivors (3072K)
 Metaspace       used 42556K, committed 44032K, reserved 1114112K
  class space    used 6203K, committed 6912K, reserved 1048576K
}
Event: 140.401 GC heap after
{Heap after GC invocations=11 (full 0):
 garbage-first heap   total 81920K, used 37740K [0x00000000a0000000, 0x0000000100000000)
  region size 1024K, 5 young (5120K), 5 survivors (5120K)
 Metaspace       used 42556K, committed 44032K, reserved 1114112K
  class space    used 6203K, committed 6912K, reserved 1048576K
}
Event: 142.730 GC heap before
{Heap before GC invocations=11 (full 0):
 garbage-first heap   total 81920K, used 72556K [0x00000000a0000000, 0x0000000100000000)
  region size 1024K, 38 young (38912K), 5 survivors (5120K)
 Metaspace       used 45844K, committed 47488K, reserved 1114112K
  class space    used 6631K, committed 7424K, reserved 1048576K
}
Event: 142.737 GC heap after
{Heap after GC invocations=12 (full 0):
 garbage-first heap   total 81920K, used 40300K [0x00000000a0000000, 0x0000000100000000)
  region size 1024K, 5 young (5120K), 5 survivors (5120K)
 Metaspace       used 45844K, committed 47488K, reserved 1114112K
  class space    used 6631K, committed 7424K, reserved 1048576K
}
Event: 159.694 GC heap before
{Heap before GC invocations=12 (full 0):
 garbage-first heap   total 81920K, used 72044K [0x00000000a0000000, 0x0000000100000000)
  region size 1024K, 36 young (36864K), 5 survivors (5120K)
 Metaspace       used 48780K, committed 50432K, reserved 1114112K
  class space    used 7068K, committed 7872K, reserved 1048576K
}
Event: 159.700 GC heap after
{Heap after GC invocations=13 (full 0):
 garbage-first heap   total 81920K, used 41300K [0x00000000a0000000, 0x0000000100000000)
  region size 1024K, 4 young (4096K), 4 survivors (4096K)
 Metaspace       used 48780K, committed 50432K, reserved 1114112K
  class space    used 7068K, committed 7872K, reserved 1048576K
}
Event: 221.626 GC heap before
{Heap before GC invocations=13 (full 0):
 garbage-first heap   total 81920K, used 73044K [0x00000000a0000000, 0x0000000100000000)
  region size 1024K, 35 young (35840K), 4 survivors (4096K)
 Metaspace       used 48888K, committed 50560K, reserved 1114112K
  class space    used 7069K, committed 7872K, reserved 1048576K
}
Event: 221.631 GC heap after
{Heap after GC invocations=14 (full 0):
 garbage-first heap   total 81920K, used 41934K [0x00000000a0000000, 0x0000000100000000)
  region size 1024K, 2 young (2048K), 2 survivors (2048K)
 Metaspace       used 48888K, committed 50560K, reserved 1114112K
  class space    used 7069K, committed 7872K, reserved 1048576K
}

